{"D:\\Node Project\\openNetwork\\server\\controllers\\api.js": {"path":"D:\\Node Project\\openNetwork\\server\\controllers\\api.js","statementMap":{"0":{"start":{"line":2,"column":17},"end":{"line":2,"column":36}},"1":{"start":{"line":4,"column":0},"end":{"line":18,"column":2}},"2":{"start":{"line":5,"column":15},"end":{"line":5,"column":17}},"3":{"start":{"line":6,"column":2},"end":{"line":17,"column":4}},"4":{"start":{"line":11,"column":4},"end":{"line":13,"column":5}},"5":{"start":{"line":12,"column":6},"end":{"line":12,"column":42}},"6":{"start":{"line":15,"column":4},"end":{"line":15,"column":35}},"7":{"start":{"line":16,"column":4},"end":{"line":16,"column":26}}},"fnMap":{"0":{"name":"(anonymous_0)","decl":{"start":{"line":4,"column":22},"end":{"line":4,"column":23}},"loc":{"start":{"line":4,"column":48},"end":{"line":18,"column":1}},"line":4},"1":{"name":"(anonymous_1)","decl":{"start":{"line":9,"column":18},"end":{"line":9,"column":19}},"loc":{"start":{"line":9,"column":48},"end":{"line":17,"column":3}},"line":9}},"branchMap":{"0":{"loc":{"start":{"line":11,"column":4},"end":{"line":13,"column":5}},"type":"if","locations":[{"start":{"line":11,"column":4},"end":{"line":13,"column":5}},{"start":{"line":11,"column":4},"end":{"line":13,"column":5}}],"line":11}},"s":{"0":2,"1":2,"2":0,"3":0,"4":0,"5":0,"6":0,"7":0},"f":{"0":0,"1":0},"b":{"0":[0,0]},"_coverageSchema":"1a1c01bbd47fc00a2c39e90264f33305004495a9","hash":"61c95e60c6134b1d997b56d1a456724f90b3ff84"}
,"D:\\Node Project\\openNetwork\\server\\controllers\\auth.js": {"path":"D:\\Node Project\\openNetwork\\server\\controllers\\auth.js","statementMap":{"0":{"start":{"line":2,"column":17},"end":{"line":2,"column":36}},"1":{"start":{"line":4,"column":0},"end":{"line":10,"column":1}},"2":{"start":{"line":5,"column":2},"end":{"line":7,"column":3}},"3":{"start":{"line":6,"column":4},"end":{"line":6,"column":17}},"4":{"start":{"line":9,"column":2},"end":{"line":9,"column":69}},"5":{"start":{"line":12,"column":0},"end":{"line":20,"column":1}},"6":{"start":{"line":13,"column":15},"end":{"line":13,"column":23}},"7":{"start":{"line":15,"column":2},"end":{"line":17,"column":3}},"8":{"start":{"line":16,"column":4},"end":{"line":16,"column":17}},"9":{"start":{"line":19,"column":2},"end":{"line":19,"column":66}}},"fnMap":{"0":{"name":"(anonymous_0)","decl":{"start":{"line":4,"column":23},"end":{"line":4,"column":24}},"loc":{"start":{"line":4,"column":49},"end":{"line":10,"column":1}},"line":4},"1":{"name":"(anonymous_1)","decl":{"start":{"line":12,"column":20},"end":{"line":12,"column":21}},"loc":{"start":{"line":12,"column":46},"end":{"line":20,"column":1}},"line":12}},"branchMap":{"0":{"loc":{"start":{"line":5,"column":2},"end":{"line":7,"column":3}},"type":"if","locations":[{"start":{"line":5,"column":2},"end":{"line":7,"column":3}},{"start":{"line":5,"column":2},"end":{"line":7,"column":3}}],"line":5},"1":{"loc":{"start":{"line":15,"column":2},"end":{"line":17,"column":3}},"type":"if","locations":[{"start":{"line":15,"column":2},"end":{"line":17,"column":3}},{"start":{"line":15,"column":2},"end":{"line":17,"column":3}}],"line":15},"2":{"loc":{"start":{"line":15,"column":6},"end":{"line":15,"column":38}},"type":"binary-expr","locations":[{"start":{"line":15,"column":6},"end":{"line":15,"column":10}},{"start":{"line":15,"column":14},"end":{"line":15,"column":38}}],"line":15}},"s":{"0":2,"1":2,"2":1,"3":0,"4":1,"5":2,"6":0,"7":0,"8":0,"9":0},"f":{"0":1,"1":0},"b":{"0":[0,1],"1":[0,0],"2":[0,0]},"_coverageSchema":"1a1c01bbd47fc00a2c39e90264f33305004495a9","hash":"bc7c8487ec4aabcfae44d09b314ccbb50c985304"}
,"D:\\Node Project\\openNetwork\\server\\controllers\\blog.js": {"path":"D:\\Node Project\\openNetwork\\server\\controllers\\blog.js","statementMap":{"0":{"start":{"line":1,"column":13},"end":{"line":1,"column":38}},"1":{"start":{"line":2,"column":16},"end":{"line":2,"column":34}},"2":{"start":{"line":3,"column":16},"end":{"line":3,"column":34}},"3":{"start":{"line":4,"column":18},"end":{"line":4,"column":39}},"4":{"start":{"line":5,"column":13},"end":{"line":5,"column":28}},"5":{"start":{"line":7,"column":19},"end":{"line":7,"column":72}},"6":{"start":{"line":10,"column":24},"end":{"line":10,"column":26}},"7":{"start":{"line":11,"column":2},"end":{"line":18,"column":3}},"8":{"start":{"line":12,"column":4},"end":{"line":17,"column":7}},"9":{"start":{"line":13,"column":6},"end":{"line":16,"column":7}},"10":{"start":{"line":14,"column":21},"end":{"line":14,"column":49}},"11":{"start":{"line":15,"column":8},"end":{"line":15,"column":44}},"12":{"start":{"line":20,"column":2},"end":{"line":20,"column":23}},"13":{"start":{"line":23,"column":0},"end":{"line":46,"column":2}},"14":{"start":{"line":24,"column":19},"end":{"line":24,"column":52}},"15":{"start":{"line":25,"column":18},"end":{"line":25,"column":50}},"16":{"start":{"line":26,"column":16},"end":{"line":26,"column":40}},"17":{"start":{"line":27,"column":18},"end":{"line":27,"column":40}},"18":{"start":{"line":29,"column":2},"end":{"line":45,"column":7}},"19":{"start":{"line":35,"column":6},"end":{"line":37,"column":7}},"20":{"start":{"line":36,"column":8},"end":{"line":36,"column":44}},"21":{"start":{"line":38,"column":6},"end":{"line":44,"column":9}},"22":{"start":{"line":39,"column":8},"end":{"line":43,"column":11}},"23":{"start":{"line":48,"column":0},"end":{"line":58,"column":2}},"24":{"start":{"line":49,"column":2},"end":{"line":57,"column":5}},"25":{"start":{"line":50,"column":4},"end":{"line":56,"column":5}},"26":{"start":{"line":51,"column":14},"end":{"line":51,"column":31}},"27":{"start":{"line":52,"column":19},"end":{"line":52,"column":33}},"28":{"start":{"line":53,"column":6},"end":{"line":53,"column":21}},"29":{"start":{"line":55,"column":6},"end":{"line":55,"column":36}},"30":{"start":{"line":60,"column":0},"end":{"line":72,"column":2}},"31":{"start":{"line":61,"column":15},"end":{"line":61,"column":30}},"32":{"start":{"line":63,"column":2},"end":{"line":71,"column":7}},"33":{"start":{"line":66,"column":6},"end":{"line":68,"column":7}},"34":{"start":{"line":67,"column":8},"end":{"line":67,"column":44}},"35":{"start":{"line":70,"column":6},"end":{"line":70,"column":33}},"36":{"start":{"line":74,"column":0},"end":{"line":84,"column":2}},"37":{"start":{"line":75,"column":17},"end":{"line":75,"column":30}},"38":{"start":{"line":77,"column":2},"end":{"line":83,"column":5}},"39":{"start":{"line":78,"column":4},"end":{"line":80,"column":5}},"40":{"start":{"line":79,"column":6},"end":{"line":79,"column":42}},"41":{"start":{"line":82,"column":4},"end":{"line":82,"column":31}},"42":{"start":{"line":86,"column":0},"end":{"line":96,"column":2}},"43":{"start":{"line":87,"column":15},"end":{"line":87,"column":23}},"44":{"start":{"line":89,"column":2},"end":{"line":95,"column":5}},"45":{"start":{"line":90,"column":4},"end":{"line":92,"column":5}},"46":{"start":{"line":91,"column":6},"end":{"line":91,"column":42}},"47":{"start":{"line":94,"column":4},"end":{"line":94,"column":31}},"48":{"start":{"line":98,"column":0},"end":{"line":125,"column":2}},"49":{"start":{"line":99,"column":17},"end":{"line":99,"column":30}},"50":{"start":{"line":100,"column":19},"end":{"line":100,"column":27}},"51":{"start":{"line":102,"column":2},"end":{"line":124,"column":5}},"52":{"start":{"line":103,"column":4},"end":{"line":105,"column":5}},"53":{"start":{"line":104,"column":6},"end":{"line":104,"column":42}},"54":{"start":{"line":107,"column":4},"end":{"line":113,"column":5}},"55":{"start":{"line":108,"column":6},"end":{"line":112,"column":9}},"56":{"start":{"line":115,"column":4},"end":{"line":115,"column":28}},"57":{"start":{"line":116,"column":4},"end":{"line":116,"column":37}},"58":{"start":{"line":117,"column":4},"end":{"line":123,"column":7}},"59":{"start":{"line":118,"column":6},"end":{"line":120,"column":7}},"60":{"start":{"line":119,"column":8},"end":{"line":119,"column":44}},"61":{"start":{"line":122,"column":6},"end":{"line":122,"column":33}},"62":{"start":{"line":127,"column":0},"end":{"line":155,"column":2}},"63":{"start":{"line":128,"column":17},"end":{"line":128,"column":33}},"64":{"start":{"line":130,"column":2},"end":{"line":154,"column":3}},"65":{"start":{"line":131,"column":4},"end":{"line":151,"column":6}},"66":{"start":{"line":134,"column":25},"end":{"line":134,"column":33}},"67":{"start":{"line":135,"column":21},"end":{"line":135,"column":39}},"68":{"start":{"line":136,"column":8},"end":{"line":136,"column":31}},"69":{"start":{"line":138,"column":8},"end":{"line":146,"column":11}},"70":{"start":{"line":139,"column":10},"end":{"line":139,"column":41}},"71":{"start":{"line":139,"column":27},"end":{"line":139,"column":33}},"72":{"start":{"line":141,"column":10},"end":{"line":143,"column":11}},"73":{"start":{"line":142,"column":12},"end":{"line":142,"column":48}},"74":{"start":{"line":145,"column":10},"end":{"line":145,"column":39}},"75":{"start":{"line":149,"column":8},"end":{"line":149,"column":40}},"76":{"start":{"line":153,"column":4},"end":{"line":153,"column":71}},"77":{"start":{"line":157,"column":0},"end":{"line":167,"column":2}},"78":{"start":{"line":158,"column":17},"end":{"line":158,"column":30}},"79":{"start":{"line":160,"column":2},"end":{"line":166,"column":5}},"80":{"start":{"line":161,"column":4},"end":{"line":163,"column":5}},"81":{"start":{"line":162,"column":6},"end":{"line":162,"column":42}},"82":{"start":{"line":165,"column":4},"end":{"line":165,"column":36}}},"fnMap":{"0":{"name":"parseFilters","decl":{"start":{"line":9,"column":9},"end":{"line":9,"column":21}},"loc":{"start":{"line":9,"column":31},"end":{"line":21,"column":1}},"line":9},"1":{"name":"(anonymous_1)","decl":{"start":{"line":12,"column":33},"end":{"line":12,"column":34}},"loc":{"start":{"line":12,"column":41},"end":{"line":17,"column":5}},"line":12},"2":{"name":"(anonymous_2)","decl":{"start":{"line":23,"column":19},"end":{"line":23,"column":20}},"loc":{"start":{"line":23,"column":33},"end":{"line":46,"column":1}},"line":23},"3":{"name":"(anonymous_3)","decl":{"start":{"line":34,"column":10},"end":{"line":34,"column":11}},"loc":{"start":{"line":34,"column":43},"end":{"line":45,"column":5}},"line":34},"4":{"name":"(anonymous_4)","decl":{"start":{"line":38,"column":54},"end":{"line":38,"column":55}},"loc":{"start":{"line":38,"column":63},"end":{"line":44,"column":7}},"line":38},"5":{"name":"(anonymous_5)","decl":{"start":{"line":48,"column":25},"end":{"line":48,"column":26}},"loc":{"start":{"line":48,"column":39},"end":{"line":58,"column":1}},"line":48},"6":{"name":"(anonymous_6)","decl":{"start":{"line":49,"column":26},"end":{"line":49,"column":27}},"loc":{"start":{"line":49,"column":49},"end":{"line":57,"column":3}},"line":49},"7":{"name":"(anonymous_7)","decl":{"start":{"line":60,"column":24},"end":{"line":60,"column":25}},"loc":{"start":{"line":60,"column":38},"end":{"line":72,"column":1}},"line":60},"8":{"name":"(anonymous_8)","decl":{"start":{"line":65,"column":10},"end":{"line":65,"column":11}},"loc":{"start":{"line":65,"column":38},"end":{"line":71,"column":5}},"line":65},"9":{"name":"(anonymous_9)","decl":{"start":{"line":74,"column":22},"end":{"line":74,"column":23}},"loc":{"start":{"line":74,"column":36},"end":{"line":84,"column":1}},"line":74},"10":{"name":"(anonymous_10)","decl":{"start":{"line":77,"column":24},"end":{"line":77,"column":25}},"loc":{"start":{"line":77,"column":47},"end":{"line":83,"column":3}},"line":77},"11":{"name":"(anonymous_11)","decl":{"start":{"line":86,"column":23},"end":{"line":86,"column":24}},"loc":{"start":{"line":86,"column":37},"end":{"line":96,"column":1}},"line":86},"12":{"name":"(anonymous_12)","decl":{"start":{"line":89,"column":33},"end":{"line":89,"column":34}},"loc":{"start":{"line":89,"column":61},"end":{"line":95,"column":3}},"line":89},"13":{"name":"(anonymous_13)","decl":{"start":{"line":98,"column":21},"end":{"line":98,"column":22}},"loc":{"start":{"line":98,"column":35},"end":{"line":125,"column":1}},"line":98},"14":{"name":"(anonymous_14)","decl":{"start":{"line":102,"column":24},"end":{"line":102,"column":25}},"loc":{"start":{"line":102,"column":52},"end":{"line":124,"column":3}},"line":102},"15":{"name":"(anonymous_15)","decl":{"start":{"line":117,"column":19},"end":{"line":117,"column":20}},"loc":{"start":{"line":117,"column":47},"end":{"line":123,"column":5}},"line":117},"16":{"name":"(anonymous_16)","decl":{"start":{"line":127,"column":21},"end":{"line":127,"column":22}},"loc":{"start":{"line":127,"column":35},"end":{"line":155,"column":1}},"line":127},"17":{"name":"(anonymous_17)","decl":{"start":{"line":133,"column":6},"end":{"line":133,"column":7}},"loc":{"start":{"line":133,"column":21},"end":{"line":147,"column":7}},"line":133},"18":{"name":"(anonymous_18)","decl":{"start":{"line":138,"column":18},"end":{"line":138,"column":19}},"loc":{"start":{"line":138,"column":43},"end":{"line":146,"column":9}},"line":138},"19":{"name":"(anonymous_19)","decl":{"start":{"line":139,"column":21},"end":{"line":139,"column":22}},"loc":{"start":{"line":139,"column":27},"end":{"line":139,"column":33}},"line":139},"20":{"name":"(anonymous_20)","decl":{"start":{"line":148,"column":6},"end":{"line":148,"column":7}},"loc":{"start":{"line":148,"column":28},"end":{"line":150,"column":7}},"line":148},"21":{"name":"(anonymous_21)","decl":{"start":{"line":157,"column":21},"end":{"line":157,"column":22}},"loc":{"start":{"line":157,"column":35},"end":{"line":167,"column":1}},"line":157},"22":{"name":"(anonymous_22)","decl":{"start":{"line":160,"column":34},"end":{"line":160,"column":35}},"loc":{"start":{"line":160,"column":51},"end":{"line":166,"column":3}},"line":160}},"branchMap":{"0":{"loc":{"start":{"line":11,"column":2},"end":{"line":18,"column":3}},"type":"if","locations":[{"start":{"line":11,"column":2},"end":{"line":18,"column":3}},{"start":{"line":11,"column":2},"end":{"line":18,"column":3}}],"line":11},"1":{"loc":{"start":{"line":13,"column":6},"end":{"line":16,"column":7}},"type":"if","locations":[{"start":{"line":13,"column":6},"end":{"line":16,"column":7}},{"start":{"line":13,"column":6},"end":{"line":16,"column":7}}],"line":13},"2":{"loc":{"start":{"line":24,"column":19},"end":{"line":24,"column":52}},"type":"binary-expr","locations":[{"start":{"line":24,"column":19},"end":{"line":24,"column":47}},{"start":{"line":24,"column":51},"end":{"line":24,"column":52}}],"line":24},"3":{"loc":{"start":{"line":25,"column":18},"end":{"line":25,"column":50}},"type":"binary-expr","locations":[{"start":{"line":25,"column":18},"end":{"line":25,"column":45}},{"start":{"line":25,"column":49},"end":{"line":25,"column":50}}],"line":25},"4":{"loc":{"start":{"line":27,"column":18},"end":{"line":27,"column":40}},"type":"binary-expr","locations":[{"start":{"line":27,"column":18},"end":{"line":27,"column":34}},{"start":{"line":27,"column":38},"end":{"line":27,"column":40}}],"line":27},"5":{"loc":{"start":{"line":35,"column":6},"end":{"line":37,"column":7}},"type":"if","locations":[{"start":{"line":35,"column":6},"end":{"line":37,"column":7}},{"start":{"line":35,"column":6},"end":{"line":37,"column":7}}],"line":35},"6":{"loc":{"start":{"line":50,"column":4},"end":{"line":56,"column":5}},"type":"if","locations":[{"start":{"line":50,"column":4},"end":{"line":56,"column":5}},{"start":{"line":50,"column":4},"end":{"line":56,"column":5}}],"line":50},"7":{"loc":{"start":{"line":50,"column":8},"end":{"line":50,"column":41}},"type":"binary-expr","locations":[{"start":{"line":50,"column":8},"end":{"line":50,"column":12}},{"start":{"line":50,"column":16},"end":{"line":50,"column":41}}],"line":50},"8":{"loc":{"start":{"line":66,"column":6},"end":{"line":68,"column":7}},"type":"if","locations":[{"start":{"line":66,"column":6},"end":{"line":68,"column":7}},{"start":{"line":66,"column":6},"end":{"line":68,"column":7}}],"line":66},"9":{"loc":{"start":{"line":78,"column":4},"end":{"line":80,"column":5}},"type":"if","locations":[{"start":{"line":78,"column":4},"end":{"line":80,"column":5}},{"start":{"line":78,"column":4},"end":{"line":80,"column":5}}],"line":78},"10":{"loc":{"start":{"line":90,"column":4},"end":{"line":92,"column":5}},"type":"if","locations":[{"start":{"line":90,"column":4},"end":{"line":92,"column":5}},{"start":{"line":90,"column":4},"end":{"line":92,"column":5}}],"line":90},"11":{"loc":{"start":{"line":103,"column":4},"end":{"line":105,"column":5}},"type":"if","locations":[{"start":{"line":103,"column":4},"end":{"line":105,"column":5}},{"start":{"line":103,"column":4},"end":{"line":105,"column":5}}],"line":103},"12":{"loc":{"start":{"line":107,"column":4},"end":{"line":113,"column":5}},"type":"if","locations":[{"start":{"line":107,"column":4},"end":{"line":113,"column":5}},{"start":{"line":107,"column":4},"end":{"line":113,"column":5}}],"line":107},"13":{"loc":{"start":{"line":107,"column":8},"end":{"line":107,"column":77}},"type":"binary-expr","locations":[{"start":{"line":107,"column":8},"end":{"line":107,"column":23}},{"start":{"line":107,"column":27},"end":{"line":107,"column":58}},{"start":{"line":107,"column":62},"end":{"line":107,"column":77}}],"line":107},"14":{"loc":{"start":{"line":118,"column":6},"end":{"line":120,"column":7}},"type":"if","locations":[{"start":{"line":118,"column":6},"end":{"line":120,"column":7}},{"start":{"line":118,"column":6},"end":{"line":120,"column":7}}],"line":118},"15":{"loc":{"start":{"line":130,"column":2},"end":{"line":154,"column":3}},"type":"if","locations":[{"start":{"line":130,"column":2},"end":{"line":154,"column":3}},{"start":{"line":130,"column":2},"end":{"line":154,"column":3}}],"line":130},"16":{"loc":{"start":{"line":141,"column":10},"end":{"line":143,"column":11}},"type":"if","locations":[{"start":{"line":141,"column":10},"end":{"line":143,"column":11}},{"start":{"line":141,"column":10},"end":{"line":143,"column":11}}],"line":141},"17":{"loc":{"start":{"line":149,"column":8},"end":{"line":149,"column":39}},"type":"binary-expr","locations":[{"start":{"line":149,"column":8},"end":{"line":149,"column":14}},{"start":{"line":149,"column":18},"end":{"line":149,"column":39}}],"line":149},"18":{"loc":{"start":{"line":161,"column":4},"end":{"line":163,"column":5}},"type":"if","locations":[{"start":{"line":161,"column":4},"end":{"line":163,"column":5}},{"start":{"line":161,"column":4},"end":{"line":163,"column":5}}],"line":161}},"s":{"0":2,"1":2,"2":2,"3":2,"4":2,"5":2,"6":0,"7":0,"8":0,"9":0,"10":0,"11":0,"12":0,"13":2,"14":0,"15":0,"16":0,"17":0,"18":0,"19":0,"20":0,"21":0,"22":0,"23":2,"24":0,"25":0,"26":0,"27":0,"28":0,"29":0,"30":2,"31":0,"32":0,"33":0,"34":0,"35":0,"36":2,"37":0,"38":0,"39":0,"40":0,"41":0,"42":2,"43":0,"44":0,"45":0,"46":0,"47":0,"48":2,"49":0,"50":0,"51":0,"52":0,"53":0,"54":0,"55":0,"56":0,"57":0,"58":0,"59":0,"60":0,"61":0,"62":2,"63":0,"64":0,"65":0,"66":0,"67":0,"68":0,"69":0,"70":0,"71":0,"72":0,"73":0,"74":0,"75":0,"76":0,"77":2,"78":0,"79":0,"80":0,"81":0,"82":0},"f":{"0":0,"1":0,"2":0,"3":0,"4":0,"5":0,"6":0,"7":0,"8":0,"9":0,"10":0,"11":0,"12":0,"13":0,"14":0,"15":0,"16":0,"17":0,"18":0,"19":0,"20":0,"21":0,"22":0},"b":{"0":[0,0],"1":[0,0],"2":[0,0],"3":[0,0],"4":[0,0],"5":[0,0],"6":[0,0],"7":[0,0],"8":[0,0],"9":[0,0],"10":[0,0],"11":[0,0],"12":[0,0],"13":[0,0,0],"14":[0,0],"15":[0,0],"16":[0,0],"17":[0,0],"18":[0,0]},"_coverageSchema":"1a1c01bbd47fc00a2c39e90264f33305004495a9","hash":"9038ba26e28c7b86153bbab0632c2488caeeb570"}
,"D:\\Node Project\\openNetwork\\server\\controllers\\category.js": {"path":"D:\\Node Project\\openNetwork\\server\\controllers\\category.js","statementMap":{"0":{"start":{"line":1,"column":17},"end":{"line":1,"column":46}},"1":{"start":{"line":3,"column":0},"end":{"line":13,"column":1}},"2":{"start":{"line":4,"column":2},"end":{"line":12,"column":5}},"3":{"start":{"line":7,"column":4},"end":{"line":9,"column":5}},"4":{"start":{"line":8,"column":6},"end":{"line":8,"column":42}},"5":{"start":{"line":11,"column":4},"end":{"line":11,"column":32}}},"fnMap":{"0":{"name":"(anonymous_0)","decl":{"start":{"line":3,"column":24},"end":{"line":3,"column":25}},"loc":{"start":{"line":3,"column":43},"end":{"line":13,"column":1}},"line":3},"1":{"name":"(anonymous_1)","decl":{"start":{"line":5,"column":14},"end":{"line":5,"column":15}},"loc":{"start":{"line":5,"column":38},"end":{"line":12,"column":3}},"line":5}},"branchMap":{"0":{"loc":{"start":{"line":7,"column":4},"end":{"line":9,"column":5}},"type":"if","locations":[{"start":{"line":7,"column":4},"end":{"line":9,"column":5}},{"start":{"line":7,"column":4},"end":{"line":9,"column":5}}],"line":7}},"s":{"0":2,"1":2,"2":0,"3":0,"4":0,"5":0},"f":{"0":0,"1":0},"b":{"0":[0,0]},"_coverageSchema":"1a1c01bbd47fc00a2c39e90264f33305004495a9","hash":"04242d47115941169f54c3a8b654c011e9e563d1"}
,"D:\\Node Project\\openNetwork\\server\\controllers\\product.js": {"path":"D:\\Node Project\\openNetwork\\server\\controllers\\product.js","statementMap":{"0":{"start":{"line":1,"column":16},"end":{"line":1,"column":44}},"1":{"start":{"line":2,"column":16},"end":{"line":2,"column":34}},"2":{"start":{"line":4,"column":0},"end":{"line":16,"column":2}},"3":{"start":{"line":5,"column":2},"end":{"line":15,"column":7}},"4":{"start":{"line":10,"column":6},"end":{"line":12,"column":7}},"5":{"start":{"line":11,"column":8},"end":{"line":11,"column":44}},"6":{"start":{"line":14,"column":6},"end":{"line":14,"column":32}},"7":{"start":{"line":18,"column":0},"end":{"line":31,"column":2}},"8":{"start":{"line":19,"column":17},"end":{"line":19,"column":28}},"9":{"start":{"line":21,"column":2},"end":{"line":30,"column":7}},"10":{"start":{"line":25,"column":6},"end":{"line":27,"column":7}},"11":{"start":{"line":26,"column":8},"end":{"line":26,"column":44}},"12":{"start":{"line":29,"column":6},"end":{"line":29,"column":32}},"13":{"start":{"line":33,"column":0},"end":{"line":45,"column":2}},"14":{"start":{"line":34,"column":13},"end":{"line":34,"column":26}},"15":{"start":{"line":36,"column":2},"end":{"line":44,"column":7}},"16":{"start":{"line":39,"column":6},"end":{"line":41,"column":7}},"17":{"start":{"line":40,"column":8},"end":{"line":40,"column":44}},"18":{"start":{"line":43,"column":6},"end":{"line":43,"column":31}},"19":{"start":{"line":47,"column":0},"end":{"line":59,"column":2}},"20":{"start":{"line":48,"column":15},"end":{"line":48,"column":30}},"21":{"start":{"line":50,"column":2},"end":{"line":58,"column":7}},"22":{"start":{"line":53,"column":6},"end":{"line":55,"column":7}},"23":{"start":{"line":54,"column":8},"end":{"line":54,"column":44}},"24":{"start":{"line":57,"column":6},"end":{"line":57,"column":31}},"25":{"start":{"line":62,"column":0},"end":{"line":75,"column":2}},"26":{"start":{"line":63,"column":22},"end":{"line":63,"column":30}},"27":{"start":{"line":64,"column":15},"end":{"line":64,"column":23}},"28":{"start":{"line":65,"column":18},"end":{"line":65,"column":42}},"29":{"start":{"line":66,"column":2},"end":{"line":66,"column":24}},"30":{"start":{"line":68,"column":2},"end":{"line":74,"column":5}},"31":{"start":{"line":69,"column":4},"end":{"line":71,"column":5}},"32":{"start":{"line":70,"column":6},"end":{"line":70,"column":42}},"33":{"start":{"line":73,"column":4},"end":{"line":73,"column":36}},"34":{"start":{"line":77,"column":0},"end":{"line":108,"column":2}},"35":{"start":{"line":78,"column":20},"end":{"line":78,"column":33}},"36":{"start":{"line":79,"column":22},"end":{"line":79,"column":30}},"37":{"start":{"line":81,"column":2},"end":{"line":107,"column":7}},"38":{"start":{"line":84,"column":6},"end":{"line":86,"column":7}},"39":{"start":{"line":85,"column":8},"end":{"line":85,"column":44}},"40":{"start":{"line":87,"column":6},"end":{"line":97,"column":7}},"41":{"start":{"line":92,"column":8},"end":{"line":96,"column":11}},"42":{"start":{"line":99,"column":6},"end":{"line":99,"column":31}},"43":{"start":{"line":100,"column":6},"end":{"line":106,"column":9}},"44":{"start":{"line":101,"column":8},"end":{"line":103,"column":9}},"45":{"start":{"line":102,"column":10},"end":{"line":102,"column":46}},"46":{"start":{"line":105,"column":8},"end":{"line":105,"column":38}}},"fnMap":{"0":{"name":"(anonymous_0)","decl":{"start":{"line":4,"column":22},"end":{"line":4,"column":23}},"loc":{"start":{"line":4,"column":41},"end":{"line":16,"column":1}},"line":4},"1":{"name":"(anonymous_1)","decl":{"start":{"line":9,"column":10},"end":{"line":9,"column":11}},"loc":{"start":{"line":9,"column":32},"end":{"line":15,"column":5}},"line":9},"2":{"name":"(anonymous_2)","decl":{"start":{"line":18,"column":32},"end":{"line":18,"column":33}},"loc":{"start":{"line":18,"column":51},"end":{"line":31,"column":1}},"line":18},"3":{"name":"(anonymous_3)","decl":{"start":{"line":24,"column":10},"end":{"line":24,"column":11}},"loc":{"start":{"line":24,"column":32},"end":{"line":30,"column":5}},"line":24},"4":{"name":"(anonymous_4)","decl":{"start":{"line":33,"column":25},"end":{"line":33,"column":26}},"loc":{"start":{"line":33,"column":39},"end":{"line":45,"column":1}},"line":33},"5":{"name":"(anonymous_5)","decl":{"start":{"line":38,"column":10},"end":{"line":38,"column":11}},"loc":{"start":{"line":38,"column":31},"end":{"line":44,"column":5}},"line":38},"6":{"name":"(anonymous_6)","decl":{"start":{"line":47,"column":27},"end":{"line":47,"column":28}},"loc":{"start":{"line":47,"column":41},"end":{"line":59,"column":1}},"line":47},"7":{"name":"(anonymous_7)","decl":{"start":{"line":52,"column":10},"end":{"line":52,"column":11}},"loc":{"start":{"line":52,"column":31},"end":{"line":58,"column":5}},"line":52},"8":{"name":"(anonymous_8)","decl":{"start":{"line":62,"column":24},"end":{"line":62,"column":25}},"loc":{"start":{"line":62,"column":43},"end":{"line":75,"column":1}},"line":62},"9":{"name":"(anonymous_9)","decl":{"start":{"line":68,"column":15},"end":{"line":68,"column":16}},"loc":{"start":{"line":68,"column":43},"end":{"line":74,"column":3}},"line":68},"10":{"name":"(anonymous_10)","decl":{"start":{"line":77,"column":24},"end":{"line":77,"column":25}},"loc":{"start":{"line":77,"column":49},"end":{"line":108,"column":1}},"line":77},"11":{"name":"(anonymous_11)","decl":{"start":{"line":83,"column":10},"end":{"line":83,"column":11}},"loc":{"start":{"line":83,"column":31},"end":{"line":107,"column":5}},"line":83},"12":{"name":"(anonymous_12)","decl":{"start":{"line":100,"column":19},"end":{"line":100,"column":20}},"loc":{"start":{"line":100,"column":45},"end":{"line":106,"column":7}},"line":100}},"branchMap":{"0":{"loc":{"start":{"line":10,"column":6},"end":{"line":12,"column":7}},"type":"if","locations":[{"start":{"line":10,"column":6},"end":{"line":12,"column":7}},{"start":{"line":10,"column":6},"end":{"line":12,"column":7}}],"line":10},"1":{"loc":{"start":{"line":25,"column":6},"end":{"line":27,"column":7}},"type":"if","locations":[{"start":{"line":25,"column":6},"end":{"line":27,"column":7}},{"start":{"line":25,"column":6},"end":{"line":27,"column":7}}],"line":25},"2":{"loc":{"start":{"line":39,"column":6},"end":{"line":41,"column":7}},"type":"if","locations":[{"start":{"line":39,"column":6},"end":{"line":41,"column":7}},{"start":{"line":39,"column":6},"end":{"line":41,"column":7}}],"line":39},"3":{"loc":{"start":{"line":53,"column":6},"end":{"line":55,"column":7}},"type":"if","locations":[{"start":{"line":53,"column":6},"end":{"line":55,"column":7}},{"start":{"line":53,"column":6},"end":{"line":55,"column":7}}],"line":53},"4":{"loc":{"start":{"line":69,"column":4},"end":{"line":71,"column":5}},"type":"if","locations":[{"start":{"line":69,"column":4},"end":{"line":71,"column":5}},{"start":{"line":69,"column":4},"end":{"line":71,"column":5}}],"line":69},"5":{"loc":{"start":{"line":84,"column":6},"end":{"line":86,"column":7}},"type":"if","locations":[{"start":{"line":84,"column":6},"end":{"line":86,"column":7}},{"start":{"line":84,"column":6},"end":{"line":86,"column":7}}],"line":84},"6":{"loc":{"start":{"line":87,"column":6},"end":{"line":97,"column":7}},"type":"if","locations":[{"start":{"line":87,"column":6},"end":{"line":97,"column":7}},{"start":{"line":87,"column":6},"end":{"line":97,"column":7}}],"line":87},"7":{"loc":{"start":{"line":88,"column":8},"end":{"line":90,"column":21}},"type":"binary-expr","locations":[{"start":{"line":88,"column":8},"end":{"line":88,"column":26}},{"start":{"line":89,"column":8},"end":{"line":89,"column":42}},{"start":{"line":90,"column":8},"end":{"line":90,"column":21}}],"line":88},"8":{"loc":{"start":{"line":101,"column":8},"end":{"line":103,"column":9}},"type":"if","locations":[{"start":{"line":101,"column":8},"end":{"line":103,"column":9}},{"start":{"line":101,"column":8},"end":{"line":103,"column":9}}],"line":101}},"s":{"0":2,"1":2,"2":2,"3":0,"4":0,"5":0,"6":0,"7":2,"8":0,"9":0,"10":0,"11":0,"12":0,"13":2,"14":0,"15":0,"16":0,"17":0,"18":0,"19":2,"20":0,"21":0,"22":0,"23":0,"24":0,"25":2,"26":0,"27":0,"28":0,"29":0,"30":0,"31":0,"32":0,"33":0,"34":2,"35":0,"36":0,"37":0,"38":0,"39":0,"40":0,"41":0,"42":0,"43":0,"44":0,"45":0,"46":0},"f":{"0":0,"1":0,"2":0,"3":0,"4":0,"5":0,"6":0,"7":0,"8":0,"9":0,"10":0,"11":0,"12":0},"b":{"0":[0,0],"1":[0,0],"2":[0,0],"3":[0,0],"4":[0,0],"5":[0,0],"6":[0,0],"7":[0,0,0],"8":[0,0]},"_coverageSchema":"1a1c01bbd47fc00a2c39e90264f33305004495a9","hash":"a29e28ea51b54317964519c5453bb0a96ef85a9b"}
,"D:\\Node Project\\openNetwork\\server\\controllers\\upload.js": {"path":"D:\\Node Project\\openNetwork\\server\\controllers\\upload.js","statementMap":{"0":{"start":{"line":1,"column":12},"end":{"line":1,"column":30}},"1":{"start":{"line":2,"column":15},"end":{"line":2,"column":32}},"2":{"start":{"line":3,"column":17},"end":{"line":3,"column":37}},"3":{"start":{"line":5,"column":11},"end":{"line":5,"column":23}},"4":{"start":{"line":7,"column":0},"end":{"line":11,"column":2}},"5":{"start":{"line":13,"column":19},"end":{"line":19,"column":1}},"6":{"start":{"line":14,"column":2},"end":{"line":18,"column":3}},"7":{"start":{"line":15,"column":4},"end":{"line":15,"column":19}},"8":{"start":{"line":17,"column":4},"end":{"line":17,"column":77}},"9":{"start":{"line":21,"column":15},"end":{"line":34,"column":2}},"10":{"start":{"line":28,"column":6},"end":{"line":28,"column":50}},"11":{"start":{"line":31,"column":6},"end":{"line":31,"column":38}},"12":{"start":{"line":36,"column":0},"end":{"line":36,"column":24}}},"fnMap":{"0":{"name":"(anonymous_0)","decl":{"start":{"line":13,"column":19},"end":{"line":13,"column":20}},"loc":{"start":{"line":13,"column":38},"end":{"line":19,"column":1}},"line":13},"1":{"name":"(anonymous_1)","decl":{"start":{"line":27,"column":14},"end":{"line":27,"column":15}},"loc":{"start":{"line":27,"column":39},"end":{"line":29,"column":5}},"line":27},"2":{"name":"(anonymous_2)","decl":{"start":{"line":30,"column":9},"end":{"line":30,"column":10}},"loc":{"start":{"line":30,"column":34},"end":{"line":32,"column":5}},"line":30}},"branchMap":{"0":{"loc":{"start":{"line":14,"column":2},"end":{"line":18,"column":3}},"type":"if","locations":[{"start":{"line":14,"column":2},"end":{"line":18,"column":3}},{"start":{"line":14,"column":2},"end":{"line":18,"column":3}}],"line":14},"1":{"loc":{"start":{"line":14,"column":6},"end":{"line":14,"column":69}},"type":"binary-expr","locations":[{"start":{"line":14,"column":6},"end":{"line":14,"column":36}},{"start":{"line":14,"column":40},"end":{"line":14,"column":69}}],"line":14}},"s":{"0":2,"1":2,"2":2,"3":2,"4":2,"5":2,"6":0,"7":0,"8":0,"9":2,"10":0,"11":0,"12":2},"f":{"0":0,"1":0,"2":0},"b":{"0":[0,0],"1":[0,0]},"_coverageSchema":"1a1c01bbd47fc00a2c39e90264f33305004495a9","hash":"b791e4d823d1f13e1d885d945e7dad3cb41dd893"}
,"D:\\Node Project\\openNetwork\\server\\controllers\\user.js": {"path":"D:\\Node Project\\openNetwork\\server\\controllers\\user.js","statementMap":{"0":{"start":{"line":1,"column":13},"end":{"line":1,"column":38}},"1":{"start":{"line":2,"column":17},"end":{"line":2,"column":36}},"2":{"start":{"line":3,"column":12},"end":{"line":3,"column":35}},"3":{"start":{"line":7,"column":4},"end":{"line":7,"column":38}},"4":{"start":{"line":8,"column":15},"end":{"line":8,"column":32}},"5":{"start":{"line":10,"column":0},"end":{"line":18,"column":2}},"6":{"start":{"line":11,"column":15},"end":{"line":11,"column":23}},"7":{"start":{"line":13,"column":2},"end":{"line":15,"column":3}},"8":{"start":{"line":14,"column":4},"end":{"line":14,"column":31}},"9":{"start":{"line":17,"column":2},"end":{"line":17,"column":24}},"10":{"start":{"line":20,"column":0},"end":{"line":77,"column":2}},"11":{"start":{"line":21,"column":23},"end":{"line":21,"column":31}},"12":{"start":{"line":22,"column":2},"end":{"line":29,"column":3}},"13":{"start":{"line":23,"column":4},"end":{"line":28,"column":7}},"14":{"start":{"line":31,"column":2},"end":{"line":38,"column":3}},"15":{"start":{"line":32,"column":4},"end":{"line":37,"column":7}},"16":{"start":{"line":40,"column":2},"end":{"line":47,"column":3}},"17":{"start":{"line":41,"column":4},"end":{"line":46,"column":7}},"18":{"start":{"line":49,"column":15},"end":{"line":49,"column":37}},"19":{"start":{"line":51,"column":2},"end":{"line":76,"column":5}},"20":{"start":{"line":52,"column":4},"end":{"line":54,"column":5}},"21":{"start":{"line":53,"column":6},"end":{"line":53,"column":46}},"22":{"start":{"line":58,"column":18},"end":{"line":66,"column":5}},"23":{"start":{"line":68,"column":4},"end":{"line":68,"column":44}},"24":{"start":{"line":70,"column":4},"end":{"line":75,"column":7}},"25":{"start":{"line":79,"column":0},"end":{"line":120,"column":2}},"26":{"start":{"line":80,"column":30},"end":{"line":80,"column":38}},"27":{"start":{"line":81,"column":2},"end":{"line":88,"column":3}},"28":{"start":{"line":82,"column":4},"end":{"line":87,"column":7}},"29":{"start":{"line":90,"column":2},"end":{"line":97,"column":3}},"30":{"start":{"line":91,"column":4},"end":{"line":96,"column":7}},"31":{"start":{"line":99,"column":2},"end":{"line":119,"column":21}},"32":{"start":{"line":100,"column":4},"end":{"line":102,"column":5}},"33":{"start":{"line":101,"column":6},"end":{"line":101,"column":23}},"34":{"start":{"line":104,"column":4},"end":{"line":118,"column":5}},"35":{"start":{"line":105,"column":6},"end":{"line":111,"column":9}},"36":{"start":{"line":106,"column":8},"end":{"line":108,"column":9}},"37":{"start":{"line":107,"column":10},"end":{"line":107,"column":20}},"38":{"start":{"line":110,"column":8},"end":{"line":110,"column":50}},"39":{"start":{"line":113,"column":6},"end":{"line":117,"column":9}},"40":{"start":{"line":122,"column":0},"end":{"line":125,"column":2}},"41":{"start":{"line":123,"column":2},"end":{"line":123,"column":15}},"42":{"start":{"line":124,"column":2},"end":{"line":124,"column":52}},"43":{"start":{"line":127,"column":0},"end":{"line":159,"column":2}},"44":{"start":{"line":128,"column":16},"end":{"line":128,"column":30}},"45":{"start":{"line":129,"column":2},"end":{"line":136,"column":3}},"46":{"start":{"line":130,"column":4},"end":{"line":135,"column":7}},"47":{"start":{"line":138,"column":2},"end":{"line":158,"column":5}},"48":{"start":{"line":139,"column":4},"end":{"line":141,"column":5}},"49":{"start":{"line":140,"column":6},"end":{"line":140,"column":17}},"50":{"start":{"line":142,"column":4},"end":{"line":144,"column":5}},"51":{"start":{"line":143,"column":6},"end":{"line":143,"column":33}},"52":{"start":{"line":146,"column":18},"end":{"line":154,"column":5}},"53":{"start":{"line":156,"column":4},"end":{"line":156,"column":35}},"54":{"start":{"line":157,"column":4},"end":{"line":157,"column":62}},"55":{"start":{"line":161,"column":0},"end":{"line":195,"column":2}},"56":{"start":{"line":162,"column":15},"end":{"line":162,"column":23}},"57":{"start":{"line":163,"column":2},"end":{"line":164,"column":66}},"58":{"start":{"line":164,"column":4},"end":{"line":164,"column":66}},"59":{"start":{"line":166,"column":2},"end":{"line":173,"column":3}},"60":{"start":{"line":167,"column":4},"end":{"line":172,"column":7}},"61":{"start":{"line":175,"column":2},"end":{"line":194,"column":3}},"62":{"start":{"line":176,"column":19},"end":{"line":176,"column":68}},"63":{"start":{"line":178,"column":4},"end":{"line":190,"column":55}},"64":{"start":{"line":181,"column":8},"end":{"line":188,"column":11}},"65":{"start":{"line":182,"column":10},"end":{"line":187,"column":11}},"66":{"start":{"line":183,"column":12},"end":{"line":183,"column":66}},"67":{"start":{"line":184,"column":12},"end":{"line":184,"column":69}},"68":{"start":{"line":186,"column":12},"end":{"line":186,"column":74}},"69":{"start":{"line":190,"column":22},"end":{"line":190,"column":53}},"70":{"start":{"line":192,"column":4},"end":{"line":192,"column":55}},"71":{"start":{"line":193,"column":4},"end":{"line":193,"column":60}},"72":{"start":{"line":201,"column":0},"end":{"line":224,"column":2}},"73":{"start":{"line":202,"column":2},"end":{"line":223,"column":3}},"74":{"start":{"line":203,"column":4},"end":{"line":203,"column":66}},"75":{"start":{"line":205,"column":4},"end":{"line":222,"column":5}},"76":{"start":{"line":206,"column":21},"end":{"line":206,"column":70}},"77":{"start":{"line":207,"column":6},"end":{"line":216,"column":9}},"78":{"start":{"line":208,"column":8},"end":{"line":215,"column":9}},"79":{"start":{"line":209,"column":10},"end":{"line":209,"column":70}},"80":{"start":{"line":210,"column":10},"end":{"line":210,"column":67}},"81":{"start":{"line":212,"column":10},"end":{"line":214,"column":65}},"82":{"start":{"line":218,"column":6},"end":{"line":218,"column":52}},"83":{"start":{"line":219,"column":6},"end":{"line":221,"column":62}},"84":{"start":{"line":231,"column":0},"end":{"line":263,"column":2}},"85":{"start":{"line":232,"column":20},"end":{"line":232,"column":28}},"86":{"start":{"line":233,"column":2},"end":{"line":262,"column":3}},"87":{"start":{"line":233,"column":14},"end":{"line":233,"column":80}},"88":{"start":{"line":235,"column":4},"end":{"line":261,"column":5}},"89":{"start":{"line":236,"column":6},"end":{"line":256,"column":9}},"90":{"start":{"line":237,"column":8},"end":{"line":241,"column":9}},"91":{"start":{"line":238,"column":10},"end":{"line":240,"column":71}},"92":{"start":{"line":243,"column":22},"end":{"line":251,"column":9}},"93":{"start":{"line":252,"column":8},"end":{"line":252,"column":48}},"94":{"start":{"line":253,"column":8},"end":{"line":255,"column":65}},"95":{"start":{"line":258,"column":6},"end":{"line":260,"column":67}}},"fnMap":{"0":{"name":"(anonymous_0)","decl":{"start":{"line":10,"column":25},"end":{"line":10,"column":26}},"loc":{"start":{"line":10,"column":50},"end":{"line":18,"column":1}},"line":10},"1":{"name":"(anonymous_1)","decl":{"start":{"line":20,"column":19},"end":{"line":20,"column":20}},"loc":{"start":{"line":20,"column":38},"end":{"line":77,"column":1}},"line":20},"2":{"name":"(anonymous_2)","decl":{"start":{"line":51,"column":19},"end":{"line":51,"column":20}},"loc":{"start":{"line":51,"column":42},"end":{"line":76,"column":3}},"line":51},"3":{"name":"(anonymous_3)","decl":{"start":{"line":79,"column":16},"end":{"line":79,"column":17}},"loc":{"start":{"line":79,"column":41},"end":{"line":120,"column":1}},"line":79},"4":{"name":"(anonymous_4)","decl":{"start":{"line":99,"column":40},"end":{"line":99,"column":41}},"loc":{"start":{"line":99,"column":63},"end":{"line":119,"column":3}},"line":99},"5":{"name":"(anonymous_5)","decl":{"start":{"line":105,"column":30},"end":{"line":105,"column":31}},"loc":{"start":{"line":105,"column":44},"end":{"line":111,"column":7}},"line":105},"6":{"name":"(anonymous_6)","decl":{"start":{"line":122,"column":17},"end":{"line":122,"column":18}},"loc":{"start":{"line":122,"column":36},"end":{"line":125,"column":1}},"line":122},"7":{"name":"(anonymous_7)","decl":{"start":{"line":127,"column":25},"end":{"line":127,"column":26}},"loc":{"start":{"line":127,"column":44},"end":{"line":159,"column":1}},"line":127},"8":{"name":"(anonymous_8)","decl":{"start":{"line":138,"column":26},"end":{"line":138,"column":27}},"loc":{"start":{"line":138,"column":46},"end":{"line":158,"column":3}},"line":138},"9":{"name":"(anonymous_9)","decl":{"start":{"line":161,"column":24},"end":{"line":161,"column":25}},"loc":{"start":{"line":161,"column":43},"end":{"line":195,"column":1}},"line":161},"10":{"name":"(anonymous_10)","decl":{"start":{"line":180,"column":12},"end":{"line":180,"column":13}},"loc":{"start":{"line":180,"column":20},"end":{"line":189,"column":7}},"line":180},"11":{"name":"(anonymous_11)","decl":{"start":{"line":181,"column":56},"end":{"line":181,"column":57}},"loc":{"start":{"line":181,"column":76},"end":{"line":188,"column":9}},"line":181},"12":{"name":"(anonymous_12)","decl":{"start":{"line":190,"column":13},"end":{"line":190,"column":14}},"loc":{"start":{"line":190,"column":22},"end":{"line":190,"column":53}},"line":190},"13":{"name":"(anonymous_13)","decl":{"start":{"line":201,"column":23},"end":{"line":201,"column":24}},"loc":{"start":{"line":201,"column":42},"end":{"line":224,"column":1}},"line":201},"14":{"name":"(anonymous_14)","decl":{"start":{"line":207,"column":55},"end":{"line":207,"column":56}},"loc":{"start":{"line":207,"column":75},"end":{"line":216,"column":7}},"line":207},"15":{"name":"(anonymous_15)","decl":{"start":{"line":231,"column":32},"end":{"line":231,"column":33}},"loc":{"start":{"line":231,"column":51},"end":{"line":263,"column":1}},"line":231},"16":{"name":"(anonymous_16)","decl":{"start":{"line":236,"column":37},"end":{"line":236,"column":38}},"loc":{"start":{"line":236,"column":62},"end":{"line":256,"column":7}},"line":236}},"branchMap":{"0":{"loc":{"start":{"line":13,"column":2},"end":{"line":15,"column":3}},"type":"if","locations":[{"start":{"line":13,"column":2},"end":{"line":15,"column":3}},{"start":{"line":13,"column":2},"end":{"line":15,"column":3}}],"line":13},"1":{"loc":{"start":{"line":22,"column":2},"end":{"line":29,"column":3}},"type":"if","locations":[{"start":{"line":22,"column":2},"end":{"line":29,"column":3}},{"start":{"line":22,"column":2},"end":{"line":29,"column":3}}],"line":22},"2":{"loc":{"start":{"line":31,"column":2},"end":{"line":38,"column":3}},"type":"if","locations":[{"start":{"line":31,"column":2},"end":{"line":38,"column":3}},{"start":{"line":31,"column":2},"end":{"line":38,"column":3}}],"line":31},"3":{"loc":{"start":{"line":40,"column":2},"end":{"line":47,"column":3}},"type":"if","locations":[{"start":{"line":40,"column":2},"end":{"line":47,"column":3}},{"start":{"line":40,"column":2},"end":{"line":47,"column":3}}],"line":40},"4":{"loc":{"start":{"line":52,"column":4},"end":{"line":54,"column":5}},"type":"if","locations":[{"start":{"line":52,"column":4},"end":{"line":54,"column":5}},{"start":{"line":52,"column":4},"end":{"line":54,"column":5}}],"line":52},"5":{"loc":{"start":{"line":81,"column":2},"end":{"line":88,"column":3}},"type":"if","locations":[{"start":{"line":81,"column":2},"end":{"line":88,"column":3}},{"start":{"line":81,"column":2},"end":{"line":88,"column":3}}],"line":81},"6":{"loc":{"start":{"line":90,"column":2},"end":{"line":97,"column":3}},"type":"if","locations":[{"start":{"line":90,"column":2},"end":{"line":97,"column":3}},{"start":{"line":90,"column":2},"end":{"line":97,"column":3}}],"line":90},"7":{"loc":{"start":{"line":100,"column":4},"end":{"line":102,"column":5}},"type":"if","locations":[{"start":{"line":100,"column":4},"end":{"line":102,"column":5}},{"start":{"line":100,"column":4},"end":{"line":102,"column":5}}],"line":100},"8":{"loc":{"start":{"line":104,"column":4},"end":{"line":118,"column":5}},"type":"if","locations":[{"start":{"line":104,"column":4},"end":{"line":118,"column":5}},{"start":{"line":104,"column":4},"end":{"line":118,"column":5}}],"line":104},"9":{"loc":{"start":{"line":106,"column":8},"end":{"line":108,"column":9}},"type":"if","locations":[{"start":{"line":106,"column":8},"end":{"line":108,"column":9}},{"start":{"line":106,"column":8},"end":{"line":108,"column":9}}],"line":106},"10":{"loc":{"start":{"line":129,"column":2},"end":{"line":136,"column":3}},"type":"if","locations":[{"start":{"line":129,"column":2},"end":{"line":136,"column":3}},{"start":{"line":129,"column":2},"end":{"line":136,"column":3}}],"line":129},"11":{"loc":{"start":{"line":139,"column":4},"end":{"line":141,"column":5}},"type":"if","locations":[{"start":{"line":139,"column":4},"end":{"line":141,"column":5}},{"start":{"line":139,"column":4},"end":{"line":141,"column":5}}],"line":139},"12":{"loc":{"start":{"line":142,"column":4},"end":{"line":144,"column":5}},"type":"if","locations":[{"start":{"line":142,"column":4},"end":{"line":144,"column":5}},{"start":{"line":142,"column":4},"end":{"line":144,"column":5}}],"line":142},"13":{"loc":{"start":{"line":163,"column":2},"end":{"line":164,"column":66}},"type":"if","locations":[{"start":{"line":163,"column":2},"end":{"line":164,"column":66}},{"start":{"line":163,"column":2},"end":{"line":164,"column":66}}],"line":163},"14":{"loc":{"start":{"line":166,"column":2},"end":{"line":173,"column":3}},"type":"if","locations":[{"start":{"line":166,"column":2},"end":{"line":173,"column":3}},{"start":{"line":166,"column":2},"end":{"line":173,"column":3}}],"line":166},"15":{"loc":{"start":{"line":182,"column":10},"end":{"line":187,"column":11}},"type":"if","locations":[{"start":{"line":182,"column":10},"end":{"line":187,"column":11}},{"start":{"line":182,"column":10},"end":{"line":187,"column":11}}],"line":182},"16":{"loc":{"start":{"line":202,"column":2},"end":{"line":223,"column":3}},"type":"if","locations":[{"start":{"line":202,"column":2},"end":{"line":223,"column":3}},{"start":{"line":202,"column":2},"end":{"line":223,"column":3}}],"line":202},"17":{"loc":{"start":{"line":208,"column":8},"end":{"line":215,"column":9}},"type":"if","locations":[{"start":{"line":208,"column":8},"end":{"line":215,"column":9}},{"start":{"line":208,"column":8},"end":{"line":215,"column":9}}],"line":208},"18":{"loc":{"start":{"line":233,"column":2},"end":{"line":262,"column":3}},"type":"if","locations":[{"start":{"line":233,"column":2},"end":{"line":262,"column":3}},{"start":{"line":233,"column":2},"end":{"line":262,"column":3}}],"line":233},"19":{"loc":{"start":{"line":237,"column":8},"end":{"line":241,"column":9}},"type":"if","locations":[{"start":{"line":237,"column":8},"end":{"line":241,"column":9}},{"start":{"line":237,"column":8},"end":{"line":241,"column":9}}],"line":237},"20":{"loc":{"start":{"line":237,"column":12},"end":{"line":237,"column":29}},"type":"binary-expr","locations":[{"start":{"line":237,"column":12},"end":{"line":237,"column":15}},{"start":{"line":237,"column":19},"end":{"line":237,"column":29}}],"line":237}},"s":{"0":2,"1":2,"2":2,"3":2,"4":2,"5":2,"6":0,"7":0,"8":0,"9":0,"10":2,"11":3,"12":3,"13":1,"14":2,"15":0,"16":2,"17":0,"18":2,"19":2,"20":2,"21":0,"22":2,"23":2,"24":2,"25":2,"26":3,"27":3,"28":0,"29":3,"30":0,"31":3,"32":3,"33":0,"34":3,"35":2,"36":2,"37":0,"38":2,"39":1,"40":2,"41":1,"42":1,"43":2,"44":2,"45":2,"46":0,"47":2,"48":2,"49":0,"50":2,"51":1,"52":1,"53":1,"54":1,"55":2,"56":1,"57":1,"58":0,"59":1,"60":0,"61":1,"62":1,"63":0,"64":0,"65":0,"66":0,"67":0,"68":0,"69":0,"70":1,"71":1,"72":2,"73":1,"74":0,"75":1,"76":1,"77":0,"78":0,"79":0,"80":0,"81":0,"82":1,"83":1,"84":2,"85":2,"86":2,"87":0,"88":2,"89":2,"90":2,"91":1,"92":1,"93":1,"94":1,"95":0},"f":{"0":0,"1":3,"2":2,"3":3,"4":3,"5":2,"6":1,"7":2,"8":2,"9":1,"10":0,"11":0,"12":0,"13":1,"14":0,"15":2,"16":2},"b":{"0":[0,0],"1":[1,2],"2":[0,2],"3":[0,2],"4":[0,2],"5":[0,3],"6":[0,3],"7":[0,3],"8":[2,1],"9":[0,2],"10":[0,2],"11":[0,2],"12":[1,1],"13":[0,1],"14":[0,1],"15":[0,0],"16":[0,1],"17":[0,0],"18":[0,2],"19":[1,1],"20":[2,2]},"_coverageSchema":"1a1c01bbd47fc00a2c39e90264f33305004495a9","hash":"a745cdca61cb5f662373602a89bdea49565f4f7b"}
}
