TN:
SF:server\controllers\api.js
FN:4,(anonymous_0)
FN:9,(anonymous_1)
FNF:2
FNH:0
FNDA:0,(anonymous_0)
FNDA:0,(anonymous_1)
DA:2,2
DA:4,2
DA:5,0
DA:6,0
DA:11,0
DA:12,0
DA:15,0
DA:16,0
LF:8
LH:2
BRDA:11,0,0,0
BRDA:11,0,1,0
BRF:2
BRH:0
end_of_record
TN:
SF:server\controllers\auth.js
FN:4,(anonymous_0)
FN:12,(anonymous_1)
FNF:2
FNH:1
FNDA:1,(anonymous_0)
FNDA:0,(anonymous_1)
DA:2,2
DA:4,2
DA:5,1
DA:6,0
DA:9,1
DA:12,2
DA:13,0
DA:15,0
DA:16,0
DA:19,0
LF:10
LH:5
BRDA:5,0,0,0
BRDA:5,0,1,1
BRDA:15,1,0,0
BRDA:15,1,1,0
BRDA:15,2,0,0
BRDA:15,2,1,0
BRF:6
BRH:1
end_of_record
TN:
SF:server\controllers\blog.js
FN:9,parseFilters
FN:12,(anonymous_1)
FN:23,(anonymous_2)
FN:34,(anonymous_3)
FN:38,(anonymous_4)
FN:48,(anonymous_5)
FN:49,(anonymous_6)
FN:60,(anonymous_7)
FN:65,(anonymous_8)
FN:74,(anonymous_9)
FN:77,(anonymous_10)
FN:86,(anonymous_11)
FN:89,(anonymous_12)
FN:98,(anonymous_13)
FN:102,(anonymous_14)
FN:117,(anonymous_15)
FN:127,(anonymous_16)
FN:133,(anonymous_17)
FN:138,(anonymous_18)
FN:139,(anonymous_19)
FN:148,(anonymous_20)
FN:157,(anonymous_21)
FN:160,(anonymous_22)
FNF:23
FNH:0
FNDA:0,parseFilters
FNDA:0,(anonymous_1)
FNDA:0,(anonymous_2)
FNDA:0,(anonymous_3)
FNDA:0,(anonymous_4)
FNDA:0,(anonymous_5)
FNDA:0,(anonymous_6)
FNDA:0,(anonymous_7)
FNDA:0,(anonymous_8)
FNDA:0,(anonymous_9)
FNDA:0,(anonymous_10)
FNDA:0,(anonymous_11)
FNDA:0,(anonymous_12)
FNDA:0,(anonymous_13)
FNDA:0,(anonymous_14)
FNDA:0,(anonymous_15)
FNDA:0,(anonymous_16)
FNDA:0,(anonymous_17)
FNDA:0,(anonymous_18)
FNDA:0,(anonymous_19)
FNDA:0,(anonymous_20)
FNDA:0,(anonymous_21)
FNDA:0,(anonymous_22)
DA:1,2
DA:2,2
DA:3,2
DA:4,2
DA:5,2
DA:7,2
DA:10,0
DA:11,0
DA:12,0
DA:13,0
DA:14,0
DA:15,0
DA:20,0
DA:23,2
DA:24,0
DA:25,0
DA:26,0
DA:27,0
DA:29,0
DA:35,0
DA:36,0
DA:38,0
DA:39,0
DA:48,2
DA:49,0
DA:50,0
DA:51,0
DA:52,0
DA:53,0
DA:55,0
DA:60,2
DA:61,0
DA:63,0
DA:66,0
DA:67,0
DA:70,0
DA:74,2
DA:75,0
DA:77,0
DA:78,0
DA:79,0
DA:82,0
DA:86,2
DA:87,0
DA:89,0
DA:90,0
DA:91,0
DA:94,0
DA:98,2
DA:99,0
DA:100,0
DA:102,0
DA:103,0
DA:104,0
DA:107,0
DA:108,0
DA:115,0
DA:116,0
DA:117,0
DA:118,0
DA:119,0
DA:122,0
DA:127,2
DA:128,0
DA:130,0
DA:131,0
DA:134,0
DA:135,0
DA:136,0
DA:138,0
DA:139,0
DA:141,0
DA:142,0
DA:145,0
DA:149,0
DA:153,0
DA:157,2
DA:158,0
DA:160,0
DA:161,0
DA:162,0
DA:165,0
LF:82
LH:14
BRDA:11,0,0,0
BRDA:11,0,1,0
BRDA:13,1,0,0
BRDA:13,1,1,0
BRDA:24,2,0,0
BRDA:24,2,1,0
BRDA:25,3,0,0
BRDA:25,3,1,0
BRDA:27,4,0,0
BRDA:27,4,1,0
BRDA:35,5,0,0
BRDA:35,5,1,0
BRDA:50,6,0,0
BRDA:50,6,1,0
BRDA:50,7,0,0
BRDA:50,7,1,0
BRDA:66,8,0,0
BRDA:66,8,1,0
BRDA:78,9,0,0
BRDA:78,9,1,0
BRDA:90,10,0,0
BRDA:90,10,1,0
BRDA:103,11,0,0
BRDA:103,11,1,0
BRDA:107,12,0,0
BRDA:107,12,1,0
BRDA:107,13,0,0
BRDA:107,13,1,0
BRDA:107,13,2,0
BRDA:118,14,0,0
BRDA:118,14,1,0
BRDA:130,15,0,0
BRDA:130,15,1,0
BRDA:141,16,0,0
BRDA:141,16,1,0
BRDA:149,17,0,0
BRDA:149,17,1,0
BRDA:161,18,0,0
BRDA:161,18,1,0
BRF:39
BRH:0
end_of_record
TN:
SF:server\controllers\category.js
FN:3,(anonymous_0)
FN:5,(anonymous_1)
FNF:2
FNH:0
FNDA:0,(anonymous_0)
FNDA:0,(anonymous_1)
DA:1,2
DA:3,2
DA:4,0
DA:7,0
DA:8,0
DA:11,0
LF:6
LH:2
BRDA:7,0,0,0
BRDA:7,0,1,0
BRF:2
BRH:0
end_of_record
TN:
SF:server\controllers\product.js
FN:4,(anonymous_0)
FN:9,(anonymous_1)
FN:18,(anonymous_2)
FN:24,(anonymous_3)
FN:33,(anonymous_4)
FN:38,(anonymous_5)
FN:47,(anonymous_6)
FN:52,(anonymous_7)
FN:62,(anonymous_8)
FN:68,(anonymous_9)
FN:77,(anonymous_10)
FN:83,(anonymous_11)
FN:100,(anonymous_12)
FNF:13
FNH:0
FNDA:0,(anonymous_0)
FNDA:0,(anonymous_1)
FNDA:0,(anonymous_2)
FNDA:0,(anonymous_3)
FNDA:0,(anonymous_4)
FNDA:0,(anonymous_5)
FNDA:0,(anonymous_6)
FNDA:0,(anonymous_7)
FNDA:0,(anonymous_8)
FNDA:0,(anonymous_9)
FNDA:0,(anonymous_10)
FNDA:0,(anonymous_11)
FNDA:0,(anonymous_12)
DA:1,2
DA:2,2
DA:4,2
DA:5,0
DA:10,0
DA:11,0
DA:14,0
DA:18,2
DA:19,0
DA:21,0
DA:25,0
DA:26,0
DA:29,0
DA:33,2
DA:34,0
DA:36,0
DA:39,0
DA:40,0
DA:43,0
DA:47,2
DA:48,0
DA:50,0
DA:53,0
DA:54,0
DA:57,0
DA:62,2
DA:63,0
DA:64,0
DA:65,0
DA:66,0
DA:68,0
DA:69,0
DA:70,0
DA:73,0
DA:77,2
DA:78,0
DA:79,0
DA:81,0
DA:84,0
DA:85,0
DA:87,0
DA:92,0
DA:99,0
DA:100,0
DA:101,0
DA:102,0
DA:105,0
LF:47
LH:8
BRDA:10,0,0,0
BRDA:10,0,1,0
BRDA:25,1,0,0
BRDA:25,1,1,0
BRDA:39,2,0,0
BRDA:39,2,1,0
BRDA:53,3,0,0
BRDA:53,3,1,0
BRDA:69,4,0,0
BRDA:69,4,1,0
BRDA:84,5,0,0
BRDA:84,5,1,0
BRDA:87,6,0,0
BRDA:87,6,1,0
BRDA:88,7,0,0
BRDA:88,7,1,0
BRDA:88,7,2,0
BRDA:101,8,0,0
BRDA:101,8,1,0
BRF:19
BRH:0
end_of_record
TN:
SF:server\controllers\upload.js
FN:13,(anonymous_0)
FN:27,(anonymous_1)
FN:30,(anonymous_2)
FNF:3
FNH:0
FNDA:0,(anonymous_0)
FNDA:0,(anonymous_1)
FNDA:0,(anonymous_2)
DA:1,2
DA:2,2
DA:3,2
DA:5,2
DA:7,2
DA:13,2
DA:14,0
DA:15,0
DA:17,0
DA:21,2
DA:28,0
DA:31,0
DA:36,2
LF:13
LH:8
BRDA:14,0,0,0
BRDA:14,0,1,0
BRDA:14,1,0,0
BRDA:14,1,1,0
BRF:4
BRH:0
end_of_record
TN:
SF:server\controllers\user.js
FN:10,(anonymous_0)
FN:20,(anonymous_1)
FN:51,(anonymous_2)
FN:79,(anonymous_3)
FN:99,(anonymous_4)
FN:105,(anonymous_5)
FN:122,(anonymous_6)
FN:127,(anonymous_7)
FN:138,(anonymous_8)
FN:161,(anonymous_9)
FN:180,(anonymous_10)
FN:181,(anonymous_11)
FN:190,(anonymous_12)
FN:201,(anonymous_13)
FN:207,(anonymous_14)
FN:231,(anonymous_15)
FN:236,(anonymous_16)
FNF:17
FNH:12
FNDA:0,(anonymous_0)
FNDA:3,(anonymous_1)
FNDA:2,(anonymous_2)
FNDA:3,(anonymous_3)
FNDA:3,(anonymous_4)
FNDA:2,(anonymous_5)
FNDA:1,(anonymous_6)
FNDA:2,(anonymous_7)
FNDA:2,(anonymous_8)
FNDA:1,(anonymous_9)
FNDA:0,(anonymous_10)
FNDA:0,(anonymous_11)
FNDA:0,(anonymous_12)
FNDA:1,(anonymous_13)
FNDA:0,(anonymous_14)
FNDA:2,(anonymous_15)
FNDA:2,(anonymous_16)
DA:1,2
DA:2,2
DA:3,2
DA:7,2
DA:8,2
DA:10,2
DA:11,0
DA:13,0
DA:14,0
DA:17,0
DA:20,2
DA:21,3
DA:22,3
DA:23,1
DA:31,2
DA:32,0
DA:40,2
DA:41,0
DA:49,2
DA:51,2
DA:52,2
DA:53,0
DA:58,2
DA:68,2
DA:70,2
DA:79,2
DA:80,3
DA:81,3
DA:82,0
DA:90,3
DA:91,0
DA:99,3
DA:100,3
DA:101,0
DA:104,3
DA:105,2
DA:106,2
DA:107,0
DA:110,2
DA:113,1
DA:122,2
DA:123,1
DA:124,1
DA:127,2
DA:128,2
DA:129,2
DA:130,0
DA:138,2
DA:139,2
DA:140,0
DA:142,2
DA:143,1
DA:146,1
DA:156,1
DA:157,1
DA:161,2
DA:162,1
DA:163,1
DA:164,0
DA:166,1
DA:167,0
DA:175,1
DA:176,1
DA:178,0
DA:181,0
DA:182,0
DA:183,0
DA:184,0
DA:186,0
DA:190,0
DA:192,1
DA:193,1
DA:201,2
DA:202,1
DA:203,0
DA:205,1
DA:206,1
DA:207,0
DA:208,0
DA:209,0
DA:210,0
DA:212,0
DA:218,1
DA:219,1
DA:231,2
DA:232,2
DA:233,2
DA:235,2
DA:236,2
DA:237,2
DA:238,1
DA:243,1
DA:252,1
DA:253,1
DA:258,0
LF:95
LH:66
BRDA:13,0,0,0
BRDA:13,0,1,0
BRDA:22,1,0,1
BRDA:22,1,1,2
BRDA:31,2,0,0
BRDA:31,2,1,2
BRDA:40,3,0,0
BRDA:40,3,1,2
BRDA:52,4,0,0
BRDA:52,4,1,2
BRDA:81,5,0,0
BRDA:81,5,1,3
BRDA:90,6,0,0
BRDA:90,6,1,3
BRDA:100,7,0,0
BRDA:100,7,1,3
BRDA:104,8,0,2
BRDA:104,8,1,1
BRDA:106,9,0,0
BRDA:106,9,1,2
BRDA:129,10,0,0
BRDA:129,10,1,2
BRDA:139,11,0,0
BRDA:139,11,1,2
BRDA:142,12,0,1
BRDA:142,12,1,1
BRDA:163,13,0,0
BRDA:163,13,1,1
BRDA:166,14,0,0
BRDA:166,14,1,1
BRDA:182,15,0,0
BRDA:182,15,1,0
BRDA:202,16,0,0
BRDA:202,16,1,1
BRDA:208,17,0,0
BRDA:208,17,1,0
BRDA:233,18,0,0
BRDA:233,18,1,2
BRDA:237,19,0,1
BRDA:237,19,1,1
BRDA:237,20,0,2
BRDA:237,20,1,2
BRF:42
BRH:23
end_of_record
