TN:
SF:components\CustomLink.vue
FN:107,(anonymous_1)
FN:119,(anonymous_2)
FNF:2
FNH:0
FNDA:0,(anonymous_1)
FNDA:0,(anonymous_2)
DA:108,0
DA:120,0
LF:2
LH:0
BRF:0
BRH:0
end_of_record
TN:
SF:components\ErrorInfo.vue
FNF:0
FNH:0
DA:17,0
LF:1
LH:0
BRF:0
BRH:0
end_of_record
TN:
SF:components\ErrorView.vue
FNF:0
FNH:0
DA:44,0
DA:45,0
DA:46,0
LF:3
LH:0
BRF:0
BRH:0
end_of_record
TN:
SF:components\Message.vue
FN:43,(anonymous_2)
FN:51,(anonymous_3)
FNF:2
FNH:0
FNDA:0,(anonymous_2)
FNDA:0,(anonymous_3)
DA:33,0
DA:34,0
DA:35,0
DA:44,0
DA:53,0
DA:54,0
DA:55,0
DA:56,0
DA:60,0
DA:61,0
DA:62,0
DA:63,0
DA:67,0
DA:68,0
DA:69,0
DA:70,0
DA:75,0
LF:17
LH:0
BRDA:53,0,0,0
BRDA:53,0,1,0
BRDA:60,1,0,0
BRDA:60,1,1,0
BRDA:67,2,0,0
BRDA:67,2,1,0
BRF:6
BRH:0
end_of_record
TN:
SF:components\ModalV2.vue
FNF:0
FNH:0
DA:48,0
DA:49,0
LF:2
LH:0
BRF:0
BRH:0
end_of_record
TN:
SF:components\ProductHero.vue
FN:190,(anonymous_2)
FN:201,(anonymous_3)
FN:210,(anonymous_4)
FN:213,(anonymous_5)
FN:220,(anonymous_6)
FN:233,(anonymous_7)
FN:234,(anonymous_8)
FNF:7
FNH:0
FNDA:0,(anonymous_2)
FNDA:0,(anonymous_3)
FNDA:0,(anonymous_4)
FNDA:0,(anonymous_5)
FNDA:0,(anonymous_6)
FNDA:0,(anonymous_7)
FNDA:0,(anonymous_8)
DA:155,0
DA:191,0
DA:202,0
DA:203,0
DA:204,0
DA:205,0
DA:206,0
DA:207,0
DA:211,0
DA:212,0
DA:213,0
DA:215,0
DA:221,0
DA:234,0
DA:235,0
DA:241,0
DA:242,0
DA:243,0
LF:18
LH:0
BRDA:241,0,0,0
BRDA:241,0,1,0
BRF:2
BRH:0
end_of_record
TN:
SF:components\ProjectCard.vue
FNF:0
FNH:0
DA:62,0
LF:1
LH:0
BRF:0
BRH:0
end_of_record
TN:
SF:components\SelectOption.vue
FN:55,(anonymous_1)
FN:61,(anonymous_2)
FN:67,(anonymous_3)
FN:70,(anonymous_4)
FNF:4
FNH:0
FNDA:0,(anonymous_1)
FNDA:0,(anonymous_2)
FNDA:0,(anonymous_3)
FNDA:0,(anonymous_4)
DA:56,0
DA:62,0
DA:63,0
DA:65,0
DA:68,0
DA:69,0
DA:70,0
DA:71,0
DA:73,0
DA:75,0
LF:10
LH:0
BRDA:62,0,0,0
BRDA:62,0,1,0
BRDA:68,1,0,0
BRDA:68,1,1,0
BRF:4
BRH:0
end_of_record
TN:
SF:components\WizardHeader.vue
FNF:0
FNH:0
DA:17,0
LF:1
LH:0
BRF:0
BRH:0
end_of_record
TN:
SF:components\WorkSpaceCard.vue
FN:61,(anonymous_1)
FNF:1
FNH:0
FNDA:0,(anonymous_1)
DA:62,0
LF:1
LH:0
BRF:0
BRH:0
end_of_record
TN:
SF:components\WorkSpaceProjectCard.vue
FN:92,(anonymous_2)
FNF:1
FNH:0
FNDA:0,(anonymous_2)
DA:60,0
DA:93,0
DA:94,0
DA:95,0
DA:96,0
DA:97,0
LF:6
LH:0
BRDA:93,0,0,0
BRDA:93,0,1,0
BRDA:94,1,0,0
BRDA:94,1,1,0
BRDA:95,2,0,0
BRDA:95,2,1,0
BRDA:96,3,0,0
BRDA:96,3,1,0
BRDA:97,4,0,0
BRDA:97,4,1,0
BRF:10
BRH:0
end_of_record
TN:
SF:components\editor\BasicMenu.vue
FNF:0
FNH:0
DA:57,0
DA:58,0
LF:2
LH:0
BRF:0
BRH:0
end_of_record
TN:
SF:components\editor\BubbleMenu.vue
FN:91,(anonymous_2)
FNF:1
FNH:0
FNDA:0,(anonymous_2)
DA:80,0
DA:81,0
DA:92,0
LF:3
LH:0
BRF:0
BRH:0
end_of_record
TN:
SF:components\editor\EditorView.vue
FN:69,(anonymous_2)
FN:75,(anonymous_3)
FN:126,(anonymous_4)
FNF:3
FNH:0
FNDA:0,(anonymous_2)
FNDA:0,(anonymous_3)
FNDA:0,(anonymous_4)
DA:12,0
DA:13,0
DA:27,0
DA:28,0
DA:29,0
DA:32,0
DA:33,0
DA:34,0
DA:35,0
DA:36,0
DA:37,0
DA:38,0
DA:39,0
DA:40,0
DA:41,0
DA:42,0
DA:43,0
DA:44,0
DA:45,0
DA:46,0
DA:47,0
DA:48,0
DA:49,0
DA:50,0
DA:51,0
DA:52,0
DA:53,0
DA:54,0
DA:55,0
DA:56,0
DA:70,0
DA:76,0
DA:124,0
DA:128,0
LF:34
LH:0
BRDA:124,0,0,0
BRDA:124,0,1,0
BRDA:128,1,0,0
BRDA:128,1,1,0
BRF:4
BRH:0
end_of_record
TN:
SF:components\editor\ProjectEditor.vue
FN:34,(anonymous_2)
FN:40,(anonymous_3)
FN:50,(anonymous_4)
FN:56,(anonymous_5)
FN:61,(anonymous_6)
FNF:5
FNH:0
FNDA:0,(anonymous_2)
FNDA:0,(anonymous_3)
FNDA:0,(anonymous_4)
FNDA:0,(anonymous_5)
FNDA:0,(anonymous_6)
DA:13,0
DA:14,0
DA:15,0
DA:35,0
DA:41,0
DA:51,0
DA:54,0
DA:58,0
DA:62,0
DA:63,0
LF:10
LH:0
BRDA:54,0,0,0
BRDA:54,0,1,0
BRDA:58,1,0,0
BRDA:58,1,1,0
BRF:4
BRH:0
end_of_record
TN:
SF:components\editor\ProjectMenu.vue
FNF:0
FNH:0
DA:40,0
DA:41,0
LF:2
LH:0
BRF:0
BRH:0
end_of_record
TN:
SF:components\editor\index.vue
FN:91,(anonymous_2)
FN:97,(anonymous_3)
FN:105,(anonymous_4)
FN:160,(anonymous_5)
FN:165,(anonymous_6)
FN:169,(anonymous_7)
FN:176,(anonymous_8)
FN:179,(anonymous_9)
FNF:8
FNH:0
FNDA:0,(anonymous_2)
FNDA:0,(anonymous_3)
FNDA:0,(anonymous_4)
FNDA:0,(anonymous_5)
FNDA:0,(anonymous_6)
FNDA:0,(anonymous_7)
FNDA:0,(anonymous_8)
FNDA:0,(anonymous_9)
DA:26,0
DA:27,0
DA:28,0
DA:29,0
DA:30,0
DA:46,0
DA:47,0
DA:48,0
DA:51,0
DA:52,0
DA:53,0
DA:54,0
DA:55,0
DA:56,0
DA:57,0
DA:58,0
DA:59,0
DA:60,0
DA:61,0
DA:62,0
DA:63,0
DA:64,0
DA:65,0
DA:66,0
DA:67,0
DA:68,0
DA:69,0
DA:70,0
DA:71,0
DA:72,0
DA:73,0
DA:74,0
DA:75,0
DA:92,0
DA:98,0
DA:106,0
DA:107,0
DA:109,0
DA:110,0
DA:112,0
DA:158,0
DA:162,0
DA:166,0
DA:167,0
DA:170,0
DA:171,0
DA:172,0
DA:173,0
DA:174,0
DA:177,0
DA:178,0
DA:179,0
DA:181,0
DA:182,0
DA:184,0
LF:55
LH:0
BRDA:106,0,0,0
BRDA:106,0,1,0
BRDA:109,1,0,0
BRDA:109,1,1,0
BRDA:162,2,0,0
BRDA:162,2,1,0
BRDA:181,3,0,0
BRDA:181,3,1,0
BRF:8
BRH:0
end_of_record
TN:
SF:components\form\MultiLineTextInput.vue
FN:67,(anonymous_2)
FN:73,(anonymous_3)
FN:76,(anonymous_4)
FN:79,(anonymous_5)
FN:82,(anonymous_6)
FN:85,(anonymous_7)
FN:90,(anonymous_8)
FN:95,(anonymous_9)
FN:98,(anonymous_10)
FNF:9
FNH:0
FNDA:0,(anonymous_2)
FNDA:0,(anonymous_3)
FNDA:0,(anonymous_4)
FNDA:0,(anonymous_5)
FNDA:0,(anonymous_6)
FNDA:0,(anonymous_7)
FNDA:0,(anonymous_8)
FNDA:0,(anonymous_9)
FNDA:0,(anonymous_10)
DA:46,0
DA:47,0
DA:68,0
DA:74,0
DA:77,0
DA:80,0
DA:83,0
DA:86,0
DA:91,0
DA:92,0
DA:96,0
DA:99,0
LF:12
LH:0
BRDA:80,0,0,0
BRDA:80,0,1,0
BRDA:86,1,0,0
BRDA:86,1,1,0
BRDA:91,2,0,0
BRDA:91,2,1,0
BRDA:91,3,0,0
BRDA:91,3,1,0
BRDA:96,4,0,0
BRDA:96,4,1,0
BRF:10
BRH:0
end_of_record
TN:
SF:components\shared\Alert.vue
FN:61,(anonymous_1)
FNF:1
FNH:0
FNDA:0,(anonymous_1)
DA:62,0
DA:63,0
DA:65,0
DA:66,0
LF:4
LH:0
BRDA:62,0,0,0
BRDA:62,0,1,0
BRDA:65,1,0,0
BRDA:65,1,1,0
BRF:4
BRH:0
end_of_record
TN:
SF:components\shared\Button.vue
FN:56,(anonymous_1)
FN:68,(anonymous_2)
FNF:2
FNH:0
FNDA:0,(anonymous_1)
FNDA:0,(anonymous_2)
DA:35,0
DA:57,0
DA:69,0
LF:3
LH:0
BRDA:69,0,0,0
BRDA:69,0,1,0
BRF:2
BRH:0
end_of_record
TN:
SF:components\shared\Dropdown.vue
FN:60,(anonymous_1)
FN:66,(anonymous_2)
FN:69,(anonymous_3)
FNF:3
FNH:0
FNDA:0,(anonymous_1)
FNDA:0,(anonymous_2)
FNDA:0,(anonymous_3)
DA:61,0
DA:67,0
DA:70,0
LF:3
LH:0
BRF:0
BRH:0
end_of_record
TN:
SF:components\shared\Footer.vue
FNF:0
FNH:0
DA:52,0
LF:1
LH:0
BRF:0
BRH:0
end_of_record
TN:
SF:components\shared\Hero.vue
FNF:0
FNH:0
DA:43,0
LF:1
LH:0
BRF:0
BRH:0
end_of_record
TN:
SF:components\shared\Input.vue
FN:85,(anonymous_1)
FN:137,(anonymous_2)
FN:140,(anonymous_3)
FN:151,(anonymous_4)
FN:155,(anonymous_5)
FN:160,(anonymous_6)
FN:163,(anonymous_7)
FNF:7
FNH:0
FNDA:0,(anonymous_1)
FNDA:0,(anonymous_2)
FNDA:0,(anonymous_3)
FNDA:0,(anonymous_4)
FNDA:0,(anonymous_5)
FNDA:0,(anonymous_6)
FNDA:0,(anonymous_7)
DA:83,0
DA:86,0
DA:138,0
DA:141,0
DA:142,0
DA:143,0
DA:144,0
DA:146,0
DA:152,0
DA:153,0
DA:156,0
DA:157,0
DA:161,0
DA:164,0
DA:165,0
DA:166,0
DA:167,0
DA:168,0
LF:18
LH:0
BRDA:138,0,0,0
BRDA:138,0,1,0
BRDA:141,1,0,0
BRDA:141,1,1,0
BRDA:141,2,0,0
BRDA:141,2,1,0
BRDA:143,3,0,0
BRDA:143,3,1,0
BRDA:156,4,0,0
BRDA:156,4,1,0
BRDA:166,5,0,0
BRDA:166,5,1,0
BRF:12
BRH:0
end_of_record
TN:
SF:components\shared\Modal.vue
FN:231,(anonymous_2)
FN:236,(anonymous_3)
FN:239,(anonymous_4)
FNF:3
FNH:0
FNDA:0,(anonymous_2)
FNDA:0,(anonymous_3)
FNDA:0,(anonymous_4)
DA:200,0
DA:201,0
DA:202,0
DA:232,0
DA:233,0
DA:234,0
DA:237,0
DA:240,0
LF:8
LH:0
BRF:0
BRH:0
end_of_record
TN:
SF:components\shared\Navbar.vue
FN:294,(anonymous_2)
FN:326,(anonymous_3)
FN:327,(anonymous_4)
FNF:3
FNH:0
FNDA:0,(anonymous_2)
FNDA:0,(anonymous_3)
FNDA:0,(anonymous_4)
DA:285,0
DA:286,0
DA:287,0
DA:288,0
DA:289,0
DA:290,0
DA:291,0
DA:295,0
DA:327,0
LF:9
LH:0
BRF:0
BRH:0
end_of_record
TN:
SF:components\shared\NavbarOld.vue
FN:93,(anonymous_2)
FN:94,(anonymous_3)
FNF:2
FNH:0
FNDA:0,(anonymous_2)
FNDA:0,(anonymous_3)
DA:62,0
DA:63,0
DA:64,0
DA:65,0
DA:66,0
DA:94,0
LF:6
LH:0
BRF:0
BRH:0
end_of_record
TN:
SF:components\shared\Search.vue
FN:115,(anonymous_2)
FNF:1
FNH:0
FNDA:0,(anonymous_2)
DA:112,0
DA:116,0
LF:2
LH:0
BRF:0
BRH:0
end_of_record
TN:
SF:components\shared\UserTile.vue
FN:45,(anonymous_2)
FNF:1
FNH:0
FNDA:0,(anonymous_2)
DA:28,0
DA:46,0
LF:2
LH:0
BRF:0
BRH:0
end_of_record
TN:
SF:components\workspace\LandingPage.vue
FN:115,(anonymous_2)
FN:120,(anonymous_3)
FNF:2
FNH:0
FNDA:0,(anonymous_2)
FNDA:0,(anonymous_3)
DA:104,0
DA:105,0
DA:106,0
DA:116,0
DA:121,0
LF:5
LH:0
BRF:0
BRH:0
end_of_record
TN:
SF:components\workspace\Status.vue
FN:46,(anonymous_2)
FNF:1
FNH:0
FNDA:0,(anonymous_2)
DA:34,0
DA:47,0
LF:2
LH:0
BRF:0
BRH:0
end_of_record
TN:
SF:components\workspace\TagsImage.vue
FN:90,(anonymous_2)
FN:98,(anonymous_3)
FN:101,(anonymous_4)
FN:104,(anonymous_5)
FN:107,(anonymous_6)
FN:110,(anonymous_7)
FN:124,(anonymous_8)
FN:131,(anonymous_9)
FNF:8
FNH:0
FNDA:0,(anonymous_2)
FNDA:0,(anonymous_3)
FNDA:0,(anonymous_4)
FNDA:0,(anonymous_5)
FNDA:0,(anonymous_6)
FNDA:0,(anonymous_7)
FNDA:0,(anonymous_8)
FNDA:0,(anonymous_9)
DA:82,0
DA:91,0
DA:99,0
DA:102,0
DA:105,0
DA:108,0
DA:109,0
DA:110,0
DA:113,0
DA:114,0
DA:119,0
DA:120,0
DA:121,0
DA:124,0
DA:127,0
DA:128,0
DA:133,0
DA:134,0
LF:18
LH:0
BRDA:119,0,0,0
BRDA:119,0,1,0
BRDA:120,1,0,0
BRDA:120,1,1,0
BRF:4
BRH:0
end_of_record
TN:
SF:components\workspace\TargetAudience.vue
FN:53,(anonymous_2)
FN:56,(anonymous_3)
FN:59,(anonymous_4)
FN:63,(anonymous_5)
FNF:4
FNH:0
FNDA:0,(anonymous_2)
FNDA:0,(anonymous_3)
FNDA:0,(anonymous_4)
FNDA:0,(anonymous_5)
DA:39,0
DA:40,0
DA:54,0
DA:57,0
DA:60,0
DA:64,0
LF:6
LH:0
BRF:0
BRH:0
end_of_record
TN:
SF:pages\about.vue
FN:44,(anonymous_2)
FNF:1
FNH:0
FNDA:0,(anonymous_2)
DA:39,0
DA:45,0
LF:2
LH:0
BRF:0
BRH:0
end_of_record
TN:
SF:pages\confirm.vue
FN:70,(anonymous_2)
FN:86,(anonymous_3)
FN:88,(anonymous_4)
FN:93,(anonymous_5)
FN:100,(anonymous_6)
FN:105,(anonymous_7)
FN:108,(anonymous_8)
FNF:7
FNH:0
FNDA:0,(anonymous_2)
FNDA:0,(anonymous_3)
FNDA:0,(anonymous_4)
FNDA:0,(anonymous_5)
FNDA:0,(anonymous_6)
FNDA:0,(anonymous_7)
FNDA:0,(anonymous_8)
DA:57,0
DA:58,0
DA:59,0
DA:60,0
DA:71,0
DA:87,0
DA:88,0
DA:91,0
DA:92,0
DA:95,0
DA:101,0
DA:106,0
DA:107,0
DA:108,0
LF:14
LH:0
BRDA:107,0,0,0
BRDA:107,0,1,0
BRF:2
BRH:0
end_of_record
TN:
SF:pages\forgot.vue
FN:70,(anonymous_2)
FN:86,(anonymous_3)
FN:91,(anonymous_4)
FN:94,(anonymous_5)
FNF:4
FNH:0
FNDA:0,(anonymous_2)
FNDA:0,(anonymous_3)
FNDA:0,(anonymous_4)
FNDA:0,(anonymous_5)
DA:57,0
DA:58,0
DA:59,0
DA:60,0
DA:61,0
DA:71,0
DA:87,0
DA:92,0
DA:93,0
DA:94,0
LF:10
LH:0
BRDA:93,0,0,0
BRDA:93,0,1,0
BRF:2
BRH:0
end_of_record
TN:
SF:pages\index.vue
FN:181,(anonymous_2)
FN:182,(anonymous_3)
FN:185,(anonymous_4)
FNF:3
FNH:0
FNDA:0,(anonymous_2)
FNDA:0,(anonymous_3)
FNDA:0,(anonymous_4)
DA:159,0
DA:160,0
DA:161,0
DA:162,0
DA:163,0
DA:164,0
DA:165,0
DA:166,0
DA:181,0
DA:182,0
DA:186,0
DA:187,0
LF:12
LH:0
BRF:0
BRH:0
end_of_record
TN:
SF:pages\join.vue
FNF:0
FNH:0
DA:26,0
LF:1
LH:0
BRF:0
BRH:0
end_of_record
TN:
SF:pages\notAuthenticated.vue
FNF:0
FNH:0
DA:11,0
LF:1
LH:0
BRF:0
BRH:0
end_of_record
TN:
SF:pages\reset.vue
FN:91,(anonymous_2)
FN:113,(anonymous_3)
FN:118,(anonymous_4)
FN:121,(anonymous_5)
FNF:4
FNH:0
FNDA:0,(anonymous_2)
FNDA:0,(anonymous_3)
FNDA:0,(anonymous_4)
FNDA:0,(anonymous_5)
DA:78,0
DA:79,0
DA:80,0
DA:81,0
DA:82,0
DA:92,0
DA:114,0
DA:119,0
DA:120,0
DA:121,0
LF:10
LH:0
BRDA:120,0,0,0
BRDA:120,0,1,0
BRF:2
BRH:0
end_of_record
TN:
SF:pages\search.vue
FN:17,(anonymous_2)
FNF:1
FNH:0
FNDA:0,(anonymous_2)
DA:13,0
DA:14,0
DA:18,0
LF:3
LH:0
BRF:0
BRH:0
end_of_record
TN:
SF:pages\signin.vue
FN:111,(anonymous_2)
FN:132,(anonymous_3)
FN:137,(anonymous_4)
FN:140,(anonymous_5)
FNF:4
FNH:0
FNDA:0,(anonymous_2)
FNDA:0,(anonymous_3)
FNDA:0,(anonymous_4)
FNDA:0,(anonymous_5)
DA:98,0
DA:99,0
DA:100,0
DA:101,0
DA:102,0
DA:112,0
DA:133,0
DA:138,0
DA:139,0
DA:140,0
LF:10
LH:0
BRDA:139,0,0,0
BRDA:139,0,1,0
BRF:2
BRH:0
end_of_record
TN:
SF:pages\signup.vue
FN:161,(anonymous_2)
FN:174,(anonymous_3)
FN:203,(anonymous_4)
FN:210,(anonymous_5)
FNF:4
FNH:0
FNDA:0,(anonymous_2)
FNDA:0,(anonymous_3)
FNDA:0,(anonymous_4)
FNDA:0,(anonymous_5)
DA:149,0
DA:150,0
DA:151,0
DA:152,0
DA:153,0
DA:155,0
DA:162,0
DA:175,0
DA:204,0
DA:205,0
DA:209,0
DA:210,0
LF:12
LH:0
BRDA:209,0,0,0
BRDA:209,0,1,0
BRF:2
BRH:0
end_of_record
TN:
SF:pages\blogs\_slug.vue
FN:18,(anonymous_2)
FN:30,(anonymous_3)
FN:34,(anonymous_4)
FNF:3
FNH:0
FNDA:0,(anonymous_2)
FNDA:0,(anonymous_3)
FNDA:0,(anonymous_4)
DA:15,0
DA:16,0
DA:19,0
DA:31,0
DA:35,0
LF:5
LH:0
BRF:0
BRH:0
end_of_record
TN:
SF:pages\blogs\index.vue
FN:69,(anonymous_2)
FN:70,(anonymous_3)
FN:71,(anonymous_4)
FN:74,(anonymous_5)
FN:77,(anonymous_6)
FN:82,(anonymous_7)
FN:94,(anonymous_8)
FN:110,(anonymous_9)
FN:114,(anonymous_10)
FN:119,(anonymous_11)
FNF:10
FNH:0
FNDA:0,(anonymous_2)
FNDA:0,(anonymous_3)
FNDA:0,(anonymous_4)
FNDA:0,(anonymous_5)
FNDA:0,(anonymous_6)
FNDA:0,(anonymous_7)
FNDA:0,(anonymous_8)
FNDA:0,(anonymous_9)
FNDA:0,(anonymous_10)
FNDA:0,(anonymous_11)
DA:58,0
DA:59,0
DA:69,0
DA:70,0
DA:71,0
DA:75,0
DA:78,0
DA:83,0
DA:95,0
DA:96,0
DA:97,0
DA:98,0
DA:99,0
DA:101,0
DA:102,0
DA:104,0
DA:105,0
DA:111,0
DA:112,0
DA:115,0
DA:116,0
DA:117,0
DA:119,0
LF:23
LH:0
BRDA:97,0,0,0
BRDA:97,0,1,0
BRDA:97,1,0,0
BRDA:97,1,1,0
BRF:4
BRH:0
end_of_record
TN:
SF:pages\projects\_slug.vue
FN:76,(anonymous_2)
FN:92,(anonymous_3)
FN:96,(anonymous_4)
FNF:3
FNH:0
FNDA:0,(anonymous_2)
FNDA:0,(anonymous_3)
FNDA:0,(anonymous_4)
DA:73,0
DA:74,0
DA:77,0
DA:93,0
DA:97,0
LF:5
LH:0
BRF:0
BRH:0
end_of_record
TN:
SF:pages\projects\index.vue
FN:62,(anonymous_2)
FN:65,(anonymous_3)
FNF:2
FNH:0
FNDA:0,(anonymous_2)
FNDA:0,(anonymous_3)
DA:49,0
DA:50,0
DA:51,0
DA:62,0
DA:66,0
LF:5
LH:0
BRF:0
BRH:0
end_of_record
TN:
SF:pages\workspace\index.vue
FNF:0
FNH:0
DA:40,0
DA:41,0
DA:42,0
LF:3
LH:0
BRF:0
BRH:0
end_of_record
TN:
SF:pages\workspace\blog\editor.vue
FN:21,(anonymous_2)
FN:22,(anonymous_3)
FNF:2
FNH:0
FNDA:0,(anonymous_2)
FNDA:0,(anonymous_3)
DA:9,0
DA:10,0
DA:11,0
DA:12,0
DA:22,0
LF:5
LH:0
BRF:0
BRH:0
end_of_record
TN:
SF:pages\workspace\blog\_id\edit.vue
FN:51,(anonymous_2)
FN:52,(anonymous_3)
FN:54,(anonymous_4)
FN:58,(anonymous_5)
FN:61,(anonymous_6)
FN:69,(anonymous_7)
FN:81,(anonymous_8)
FN:85,(anonymous_9)
FN:88,(anonymous_10)
FN:93,(anonymous_11)
FN:96,(anonymous_12)
FN:104,(anonymous_13)
FN:112,(anonymous_14)
FN:117,(anonymous_15)
FN:126,(anonymous_16)
FN:133,(anonymous_17)
FN:138,(anonymous_18)
FN:147,(anonymous_19)
FN:154,(anonymous_20)
FNF:19
FNH:0
FNDA:0,(anonymous_2)
FNDA:0,(anonymous_3)
FNDA:0,(anonymous_4)
FNDA:0,(anonymous_5)
FNDA:0,(anonymous_6)
FNDA:0,(anonymous_7)
FNDA:0,(anonymous_8)
FNDA:0,(anonymous_9)
FNDA:0,(anonymous_10)
FNDA:0,(anonymous_11)
FNDA:0,(anonymous_12)
FNDA:0,(anonymous_13)
FNDA:0,(anonymous_14)
FNDA:0,(anonymous_15)
FNDA:0,(anonymous_16)
FNDA:0,(anonymous_17)
FNDA:0,(anonymous_18)
FNDA:0,(anonymous_19)
FNDA:0,(anonymous_20)
DA:34,0
DA:35,0
DA:36,0
DA:37,0
DA:38,0
DA:39,0
DA:40,0
DA:51,0
DA:52,0
DA:55,0
DA:59,0
DA:62,0
DA:70,0
DA:71,0
DA:72,0
DA:73,0
DA:74,0
DA:75,0
DA:77,0
DA:83,0
DA:86,0
DA:89,0
DA:90,0
DA:94,0
DA:95,0
DA:101,0
DA:106,0
DA:113,0
DA:114,0
DA:116,0
DA:122,0
DA:125,0
DA:128,0
DA:134,0
DA:135,0
DA:137,0
DA:143,0
DA:146,0
DA:149,0
DA:155,0
LF:40
LH:0
BRDA:74,0,0,0
BRDA:74,0,1,0
BRDA:74,1,0,0
BRDA:74,1,1,0
BRDA:83,2,0,0
BRDA:83,2,1,0
BRDA:89,3,0,0
BRDA:89,3,1,0
BRDA:89,4,0,0
BRDA:89,4,1,0
BRDA:94,5,0,0
BRDA:94,5,1,0
BRF:12
BRH:0
end_of_record
TN:
SF:pages\workspace\blogs\index.vue
FN:199,(anonymous_2)
FN:236,(anonymous_3)
FN:237,(anonymous_4)
FN:239,(anonymous_5)
FN:244,(anonymous_6)
FN:253,(anonymous_7)
FN:264,(anonymous_8)
FN:268,(anonymous_9)
FN:277,(anonymous_10)
FN:284,(anonymous_11)
FN:287,(anonymous_12)
FN:292,(anonymous_13)
FN:299,(anonymous_14)
FN:307,(anonymous_15)
FN:313,(anonymous_16)
FNF:15
FNH:0
FNDA:0,(anonymous_2)
FNDA:0,(anonymous_3)
FNDA:0,(anonymous_4)
FNDA:0,(anonymous_5)
FNDA:0,(anonymous_6)
FNDA:0,(anonymous_7)
FNDA:0,(anonymous_8)
FNDA:0,(anonymous_9)
FNDA:0,(anonymous_10)
FNDA:0,(anonymous_11)
FNDA:0,(anonymous_12)
FNDA:0,(anonymous_13)
FNDA:0,(anonymous_14)
FNDA:0,(anonymous_15)
FNDA:0,(anonymous_16)
DA:174,0
DA:175,0
DA:176,0
DA:177,0
DA:178,0
DA:179,0
DA:180,0
DA:200,0
DA:236,0
DA:237,0
DA:240,0
DA:245,0
DA:247,0
DA:251,0
DA:254,0
DA:255,0
DA:257,0
DA:258,0
DA:260,0
DA:261,0
DA:265,0
DA:266,0
DA:267,0
DA:273,0
DA:276,0
DA:279,0
DA:285,0
DA:288,0
DA:291,0
DA:292,0
DA:295,0
DA:298,0
DA:301,0
DA:308,0
DA:314,0
LF:35
LH:0
BRDA:245,0,0,0
BRDA:245,0,1,0
BRDA:254,1,0,0
BRDA:254,1,1,0
BRDA:257,2,0,0
BRDA:257,2,1,0
BRDA:260,3,0,0
BRDA:260,3,1,0
BRDA:266,4,0,0
BRDA:266,4,1,0
BRDA:291,5,0,0
BRDA:291,5,1,0
BRDA:308,6,0,0
BRDA:308,6,1,0
BRDA:308,6,2,0
BRF:15
BRH:0
end_of_record
TN:
SF:pages\workspace\project\create.vue
FN:88,(anonymous_2)
FN:103,(anonymous_3)
FN:107,(anonymous_4)
FN:111,(anonymous_5)
FN:116,(anonymous_6)
FN:118,(anonymous_7)
FNF:6
FNH:0
FNDA:0,(anonymous_2)
FNDA:0,(anonymous_3)
FNDA:0,(anonymous_4)
FNDA:0,(anonymous_5)
FNDA:0,(anonymous_6)
FNDA:0,(anonymous_7)
DA:73,0
DA:74,0
DA:75,0
DA:76,0
DA:77,0
DA:78,0
DA:89,0
DA:104,0
DA:108,0
DA:112,0
DA:113,0
DA:114,0
DA:117,0
DA:118,0
LF:14
LH:0
BRF:0
BRH:0
end_of_record
TN:
SF:pages\workspace\project\_id\manage.vue
FN:109,(anonymous_2)
FN:114,(anonymous_3)
FN:120,(anonymous_4)
FN:121,(anonymous_5)
FN:125,(anonymous_6)
FN:126,(anonymous_7)
FN:134,(anonymous_9)
FNF:7
FNH:0
FNDA:0,(anonymous_2)
FNDA:0,(anonymous_3)
FNDA:0,(anonymous_4)
FNDA:0,(anonymous_5)
FNDA:0,(anonymous_6)
FNDA:0,(anonymous_7)
FNDA:0,(anonymous_9)
DA:89,0
DA:90,0
DA:91,0
DA:92,0
DA:93,0
DA:94,0
DA:95,0
DA:96,0
DA:97,0
DA:110,0
DA:115,0
DA:116,0
DA:120,0
DA:121,0
DA:126,0
DA:129,0
DA:130,0
DA:135,0
LF:18
LH:0
BRF:0
BRH:0
end_of_record
TN:
SF:pages\workspace\projects\index.vue
FN:58,(anonymous_2)
FN:66,(anonymous_3)
FNF:2
FNH:0
FNDA:0,(anonymous_2)
FNDA:0,(anonymous_3)
DA:45,0
DA:46,0
DA:47,0
DA:48,0
DA:59,0
DA:67,0
LF:6
LH:0
BRF:0
BRH:0
end_of_record
